<?xml version="1.0" encoding="utf-8"?><testsuites name="pytest tests"><testsuite name="pytest" errors="0" failures="0" skipped="4" tests="9" time="3.413" timestamp="2026-04-24T14:42:38.035913+00:00" hostname="agent-env-f49ab1fa-c692-4937-802e-4e79c94c0e60"><testcase classname="backend.tests.test_phase1j_gating_and_tenancy.TestModuleGating" name="test_cycles_gated" time="1.267" /><testcase classname="backend.tests.test_phase1j_gating_and_tenancy.TestModuleGating" name="test_goals_gated" time="0.330" /><testcase classname="backend.tests.test_phase1j_gating_and_tenancy.TestModuleGating" name="test_reviews_gated" time="0.337" /><testcase classname="backend.tests.test_phase1j_gating_and_tenancy.TestModuleGating" name="test_ninebox_gated" time="0.348" /><testcase classname="backend.tests.test_phase1j_gating_and_tenancy.TestModuleGating" name="test_pips_gated" time="0.346" /><testcase classname="backend.tests.test_phase1j_gating_and_tenancy.TestTenantIsolation" name="test_cycles_list_isolated" time="0.710"><skipped type="pytest.skip" message="Reseller cannot create company in this env: 422 {&quot;detail&quot;:[{&quot;type&quot;:&quot;missing&quot;,&quot;loc&quot;:[&quot;body&quot;,&quot;admin_email&quot;],&quot;msg&quot;:&quot;Field required&quot;,&quot;input&quot;:{&quot;name&quot;:&quot;TEST Co 6e2bf7&quot;,&quot;slug&quot;:&quot;test-co-6e2bf7&quot;},&quot;url&quot;:&quot;https://errors.pydantic.dev/2.12/v/missing&quot;},{&quot;type&quot;:&quot;missing&quot;,&quot;loc&quot;:[&quot;body&quot;,&quot;admin_name&quot;],&quot;msg&quot;:&quot;Field required&quot;,&quot;input&quot;:{&quot;name&quot;:&quot;TEST Co 6e2bf7&quot;,&quot;slug&quot;:&quot;test-co-6e2bf7&quot;},&quot;url&quot;:&quot;https://errors.pydantic.dev/2.12/v/missing&quot;},{&quot;type&quot;:&quot;missing&quot;,&quot;loc&quot;:[&quot;body&quot;,&quot;admin_password&quot;],&quot;msg&quot;:&quot;Field required&quot;,&quot;input&quot;:{&quot;name&quot;:&quot;TEST Co 6e2bf7&quot;,&quot;slug&quot;:&quot;test-co-6e2bf7&quot;},&quot;url&quot;:&quot;https://errors.pydantic.dev/2.12/v/missing&quot;}]}">/app/backend/tests/test_phase1j_gating_and_tenancy.py:177: Reseller cannot create company in this env: 422 {"detail":[{"type":"missing","loc":["body","admin_email"],"msg":"Field required","input":{"name":"TEST Co 6e2bf7","slug":"test-co-6e2bf7"},"url":"https://errors.pydantic.dev/2.12/v/missing"},{"type":"missing","loc":["body","admin_name"],"msg":"Field required","input":{"name":"TEST Co 6e2bf7","slug":"test-co-6e2bf7"},"url":"https://errors.pydantic.dev/2.12/v/missing"},{"type":"missing","loc":["body","admin_password"],"msg":"Field required","input":{"name":"TEST Co 6e2bf7","slug":"test-co-6e2bf7"},"url":"https://errors.pydantic.dev/2.12/v/missing"}]}</skipped></testcase><testcase classname="backend.tests.test_phase1j_gating_and_tenancy.TestTenantIsolation" name="test_cycles_reverse_isolated" time="0.000"><skipped type="pytest.skip" message="Reseller cannot create company in this env: 422 {&quot;detail&quot;:[{&quot;type&quot;:&quot;missing&quot;,&quot;loc&quot;:[&quot;body&quot;,&quot;admin_email&quot;],&quot;msg&quot;:&quot;Field required&quot;,&quot;input&quot;:{&quot;name&quot;:&quot;TEST Co 6e2bf7&quot;,&quot;slug&quot;:&quot;test-co-6e2bf7&quot;},&quot;url&quot;:&quot;https://errors.pydantic.dev/2.12/v/missing&quot;},{&quot;type&quot;:&quot;missing&quot;,&quot;loc&quot;:[&quot;body&quot;,&quot;admin_name&quot;],&quot;msg&quot;:&quot;Field required&quot;,&quot;input&quot;:{&quot;name&quot;:&quot;TEST Co 6e2bf7&quot;,&quot;slug&quot;:&quot;test-co-6e2bf7&quot;},&quot;url&quot;:&quot;https://errors.pydantic.dev/2.12/v/missing&quot;},{&quot;type&quot;:&quot;missing&quot;,&quot;loc&quot;:[&quot;body&quot;,&quot;admin_password&quot;],&quot;msg&quot;:&quot;Field required&quot;,&quot;input&quot;:{&quot;name&quot;:&quot;TEST Co 6e2bf7&quot;,&quot;slug&quot;:&quot;test-co-6e2bf7&quot;},&quot;url&quot;:&quot;https://errors.pydantic.dev/2.12/v/missing&quot;}]}">/app/backend/tests/test_phase1j_gating_and_tenancy.py:184: Reseller cannot create company in this env: 422 {"detail":[{"type":"missing","loc":["body","admin_email"],"msg":"Field required","input":{"name":"TEST Co 6e2bf7","slug":"test-co-6e2bf7"},"url":"https://errors.pydantic.dev/2.12/v/missing"},{"type":"missing","loc":["body","admin_name"],"msg":"Field required","input":{"name":"TEST Co 6e2bf7","slug":"test-co-6e2bf7"},"url":"https://errors.pydantic.dev/2.12/v/missing"},{"type":"missing","loc":["body","admin_password"],"msg":"Field required","input":{"name":"TEST Co 6e2bf7","slug":"test-co-6e2bf7"},"url":"https://errors.pydantic.dev/2.12/v/missing"}]}</skipped></testcase><testcase classname="backend.tests.test_phase1j_gating_and_tenancy.TestTenantIsolation" name="test_goals_list_isolated" time="0.000"><skipped type="pytest.skip" message="Reseller cannot create company in this env: 422 {&quot;detail&quot;:[{&quot;type&quot;:&quot;missing&quot;,&quot;loc&quot;:[&quot;body&quot;,&quot;admin_email&quot;],&quot;msg&quot;:&quot;Field required&quot;,&quot;input&quot;:{&quot;name&quot;:&quot;TEST Co 6e2bf7&quot;,&quot;slug&quot;:&quot;test-co-6e2bf7&quot;},&quot;url&quot;:&quot;https://errors.pydantic.dev/2.12/v/missing&quot;},{&quot;type&quot;:&quot;missing&quot;,&quot;loc&quot;:[&quot;body&quot;,&quot;admin_name&quot;],&quot;msg&quot;:&quot;Field required&quot;,&quot;input&quot;:{&quot;name&quot;:&quot;TEST Co 6e2bf7&quot;,&quot;slug&quot;:&quot;test-co-6e2bf7&quot;},&quot;url&quot;:&quot;https://errors.pydantic.dev/2.12/v/missing&quot;},{&quot;type&quot;:&quot;missing&quot;,&quot;loc&quot;:[&quot;body&quot;,&quot;admin_password&quot;],&quot;msg&quot;:&quot;Field required&quot;,&quot;input&quot;:{&quot;name&quot;:&quot;TEST Co 6e2bf7&quot;,&quot;slug&quot;:&quot;test-co-6e2bf7&quot;},&quot;url&quot;:&quot;https://errors.pydantic.dev/2.12/v/missing&quot;}]}">/app/backend/tests/test_phase1j_gating_and_tenancy.py:199: Reseller cannot create company in this env: 422 {"detail":[{"type":"missing","loc":["body","admin_email"],"msg":"Field required","input":{"name":"TEST Co 6e2bf7","slug":"test-co-6e2bf7"},"url":"https://errors.pydantic.dev/2.12/v/missing"},{"type":"missing","loc":["body","admin_name"],"msg":"Field required","input":{"name":"TEST Co 6e2bf7","slug":"test-co-6e2bf7"},"url":"https://errors.pydantic.dev/2.12/v/missing"},{"type":"missing","loc":["body","admin_password"],"msg":"Field required","input":{"name":"TEST Co 6e2bf7","slug":"test-co-6e2bf7"},"url":"https://errors.pydantic.dev/2.12/v/missing"}]}</skipped></testcase><testcase classname="backend.tests.test_phase1j_gating_and_tenancy.TestTenantIsolation" name="test_ninebox_list_isolated" time="0.000"><skipped type="pytest.skip" message="Reseller cannot create company in this env: 422 {&quot;detail&quot;:[{&quot;type&quot;:&quot;missing&quot;,&quot;loc&quot;:[&quot;body&quot;,&quot;admin_email&quot;],&quot;msg&quot;:&quot;Field required&quot;,&quot;input&quot;:{&quot;name&quot;:&quot;TEST Co 6e2bf7&quot;,&quot;slug&quot;:&quot;test-co-6e2bf7&quot;},&quot;url&quot;:&quot;https://errors.pydantic.dev/2.12/v/missing&quot;},{&quot;type&quot;:&quot;missing&quot;,&quot;loc&quot;:[&quot;body&quot;,&quot;admin_name&quot;],&quot;msg&quot;:&quot;Field required&quot;,&quot;input&quot;:{&quot;name&quot;:&quot;TEST Co 6e2bf7&quot;,&quot;slug&quot;:&quot;test-co-6e2bf7&quot;},&quot;url&quot;:&quot;https://errors.pydantic.dev/2.12/v/missing&quot;},{&quot;type&quot;:&quot;missing&quot;,&quot;loc&quot;:[&quot;body&quot;,&quot;admin_password&quot;],&quot;msg&quot;:&quot;Field required&quot;,&quot;input&quot;:{&quot;name&quot;:&quot;TEST Co 6e2bf7&quot;,&quot;slug&quot;:&quot;test-co-6e2bf7&quot;},&quot;url&quot;:&quot;https://errors.pydantic.dev/2.12/v/missing&quot;}]}">/app/backend/tests/test_phase1j_gating_and_tenancy.py:208: Reseller cannot create company in this env: 422 {"detail":[{"type":"missing","loc":["body","admin_email"],"msg":"Field required","input":{"name":"TEST Co 6e2bf7","slug":"test-co-6e2bf7"},"url":"https://errors.pydantic.dev/2.12/v/missing"},{"type":"missing","loc":["body","admin_name"],"msg":"Field required","input":{"name":"TEST Co 6e2bf7","slug":"test-co-6e2bf7"},"url":"https://errors.pydantic.dev/2.12/v/missing"},{"type":"missing","loc":["body","admin_password"],"msg":"Field required","input":{"name":"TEST Co 6e2bf7","slug":"test-co-6e2bf7"},"url":"https://errors.pydantic.dev/2.12/v/missing"}]}</skipped></testcase></testsuite></testsuites>