<?xml version="1.0" encoding="utf-8"?><testsuites name="pytest tests"><testsuite name="pytest" errors="0" failures="0" skipped="0" tests="15" time="3.029" timestamp="2026-04-30T13:32:45.717234+00:00" hostname="agent-env-f49ab1fa-c692-4937-802e-4e79c94c0e60"><testcase classname="tests.test_iteration18_branch_ops_kit_budget.TestBranchDocuments" name="test_list_seeded_documents" time="0.485" /><testcase classname="tests.test_iteration18_branch_ops_kit_budget.TestBranchDocuments" name="test_filter_by_doc_type" time="0.052" /><testcase classname="tests.test_iteration18_branch_ops_kit_budget.TestBranchDocuments" name="test_upload_download_update_delete" time="0.282" /><testcase classname="tests.test_iteration18_branch_ops_kit_budget.TestBranchDocuments" name="test_upload_oversize_rejected" time="0.454" /><testcase classname="tests.test_iteration18_branch_ops_kit_budget.TestBranchDocuments" name="test_expiring_endpoint" time="0.057" /><testcase classname="tests.test_iteration18_branch_ops_kit_budget.TestRecurringExpenses" name="test_list_seeded" time="0.061" /><testcase classname="tests.test_iteration18_branch_ops_kit_budget.TestRecurringExpenses" name="test_create_validate_update_run_idempotent" time="0.397" /><testcase classname="tests.test_iteration18_branch_ops_kit_budget.TestRecurringExpenses" name="test_admin_run_due" time="0.063" /><testcase classname="tests.test_iteration18_branch_ops_kit_budget.TestProcurementCatalog" name="test_category_catalog" time="0.054" /><testcase classname="tests.test_iteration18_branch_ops_kit_budget.TestJoiningKit" name="test_list_templates_seeded" time="0.053" /><testcase classname="tests.test_iteration18_branch_ops_kit_budget.TestJoiningKit" name="test_issuance_flow" time="0.340" /><testcase classname="tests.test_iteration18_branch_ops_kit_budget.TestBudgets" name="test_list_fy2027" time="0.062" /><testcase classname="tests.test_iteration18_branch_ops_kit_budget.TestBudgets" name="test_dashboard" time="0.077" /><testcase classname="tests.test_iteration18_branch_ops_kit_budget.TestBudgets" name="test_create_get_update_archive" time="0.373" /><testcase classname="tests.test_iteration18_branch_ops_kit_budget.TestBudgets" name="test_check_preflight" time="0.109" /></testsuite></testsuites>