<?xml version="1.0" encoding="utf-8"?><testsuites name="pytest tests"><testsuite name="pytest" errors="0" failures="0" skipped="2" tests="146" time="74.239" timestamp="2026-04-23T19:21:20.686024+00:00" hostname="agent-env-f49ab1fa-c692-4937-802e-4e79c94c0e60"><testcase classname="tests.test_attendance_phase1c.TestShifts" name="test_list_5_seeded" time="0.544" /><testcase classname="tests.test_attendance_phase1c.TestShifts" name="test_create_shift_and_default_unsets_others" time="0.880" /><testcase classname="tests.test_attendance_phase1c.TestShifts" name="test_non_admin_create_403" time="0.443" /><testcase classname="tests.test_attendance_phase1c.TestAssignments" name="test_create_assignment" time="0.329" /><testcase classname="tests.test_attendance_phase1c.TestAssignments" name="test_list_assignments" time="0.108" /><testcase classname="tests.test_attendance_phase1c.TestWorkSites" name="test_list_sites" time="0.237" /><testcase classname="tests.test_attendance_phase1c.TestWorkSites" name="test_non_admin_create_403" time="0.128" /><testcase classname="tests.test_attendance_phase1c.TestCheckin" name="test_1_wfo_far_blocked" time="0.347"><skipped type="pytest.skip" message="Attendance already exists for today — cannot re-test geo-block (run after fresh day)">/app/backend/tests/test_attendance_phase1c.py:180: Attendance already exists for today — cannot re-test geo-block (run after fresh day)</skipped></testcase><testcase classname="tests.test_attendance_phase1c.TestCheckin" name="test_2_wfh_bypasses_geo" time="0.123" /><testcase classname="tests.test_attendance_phase1c.TestCheckin" name="test_3_checkout_computes_hours" time="0.098" /><testcase classname="tests.test_attendance_phase1c.TestRegularization" name="test_create_and_list" time="0.221" /><testcase classname="tests.test_attendance_phase1c.TestOvertime" name="test_valid_ot" time="0.138" /><testcase classname="tests.test_attendance_phase1c.TestOvertime" name="test_invalid_hours_zero" time="0.113" /><testcase classname="tests.test_attendance_phase1c.TestOvertime" name="test_invalid_hours_over" time="0.136" /><testcase classname="tests.test_attendance_phase1c.TestTimesheet" name="test_upsert_draft_computes_total" time="0.349" /><testcase classname="tests.test_attendance_phase1c.TestApprovalsDispatch" name="test_ot_approval_flips_status" time="1.154" /><testcase classname="tests.test_attendance_phase1c.TestMonthlyRegister" name="test_register_shape" time="0.117" /><testcase classname="tests.test_attendance_phase1c.TestCrossTenant" name="test_super_admin_does_not_leak_into_acme" time="0.235" /><testcase classname="tests.test_hrms_backend" name="test_login_all_personas[admin]" time="1.229" /><testcase classname="tests.test_hrms_backend" name="test_login_all_personas[reseller]" time="0.436" /><testcase classname="tests.test_hrms_backend" name="test_login_all_personas[hr]" time="0.451" /><testcase classname="tests.test_hrms_backend" name="test_login_all_personas[manager]" time="0.483" /><testcase classname="tests.test_hrms_backend" name="test_login_all_personas[employee]" time="0.447" /><testcase classname="tests.test_hrms_backend" name="test_login_invalid_credentials" time="0.338" /><testcase classname="tests.test_hrms_backend" name="test_employee_cannot_list_resellers" time="0.469" /><testcase classname="tests.test_hrms_backend" name="test_super_admin_can_list_resellers" time="0.426" /><testcase classname="tests.test_hrms_backend" name="test_dashboard_super_admin" time="0.453" /><testcase classname="tests.test_hrms_backend" name="test_dashboard_reseller" time="0.444" /><testcase classname="tests.test_hrms_backend" name="test_dashboard_company_admin" time="0.434" /><testcase classname="tests.test_hrms_backend" name="test_dashboard_employee" time="0.448" /><testcase classname="tests.test_hrms_backend" name="test_hr_employees_scoped_to_company" time="0.504" /><testcase classname="tests.test_hrms_backend" name="test_reseller_companies_scoped" time="0.479" /><testcase classname="tests.test_hrms_backend" name="test_org_tree_hierarchy" time="0.438" /><testcase classname="tests.test_hrms_backend" name="test_employees_filter_wfh" time="0.445" /><testcase classname="tests.test_hrms_backend" name="test_employees_filter_search_aisha" time="0.445" /><testcase classname="tests.test_hrms_backend" name="test_leave_approval_end_to_end" time="1.713" /><testcase classname="tests.test_hrms_backend" name="test_leave_rejection_flow" time="1.134" /><testcase classname="tests.test_hrms_backend" name="test_approvals_not_your_turn" time="0.978" /><testcase classname="tests.test_hrms_backend" name="test_attendance_flow" time="1.464" /><testcase classname="tests.test_hrms_backend" name="test_product_service_request_creation" time="0.914" /><testcase classname="tests.test_hrms_backend" name="test_super_admin_create_reseller_and_company" time="1.745" /><testcase classname="tests.test_hrms_backend" name="test_no_id_or_password_hash_leak_me" time="1.388" /><testcase classname="tests.test_hrms_backend" name="test_no_leak_in_employees_list" time="0.465" /><testcase classname="tests.test_kb_phase1m.TestCategories" name="test_categories_returns_9_with_counts" time="1.118" /><testcase classname="tests.test_kb_phase1m.TestArticlesList" name="test_list_published_excludes_body" time="0.109" /><testcase classname="tests.test_kb_phase1m.TestArticlesList" name="test_search_q_free_text" time="0.115" /><testcase classname="tests.test_kb_phase1m.TestArticlesList" name="test_category_exact_filter" time="0.119" /><testcase classname="tests.test_kb_phase1m.TestArticlesList" name="test_related_page_filter" time="0.109" /><testcase classname="tests.test_kb_phase1m.TestArticlesList" name="test_articles_require_auth" time="0.116" /><testcase classname="tests.test_kb_phase1m.TestArticleDetail" name="test_get_by_slug_returns_full_and_increments_view_count" time="0.251" /><testcase classname="tests.test_kb_phase1m.TestArticleDetail" name="test_non_existent_slug_404" time="0.125" /><testcase classname="tests.test_kb_phase1m.TestAdminCRUD" name="test_non_super_admin_forbidden_create" time="0.132" /><testcase classname="tests.test_kb_phase1m.TestAdminCRUD" name="test_create_auto_slug" time="0.234" /><testcase classname="tests.test_kb_phase1m.TestAdminCRUD" name="test_duplicate_slug_400" time="0.103" /><testcase classname="tests.test_kb_phase1m.TestAdminCRUD" name="test_invalid_category_400" time="0.127" /><testcase classname="tests.test_kb_phase1m.TestAdminCRUD" name="test_update_fields_and_slug_collision" time="0.229" /><testcase classname="tests.test_kb_phase1m.TestAdminCRUD" name="test_delete_super_admin_only" time="0.211" /><testcase classname="tests.test_kb_phase1m.TestSeed" name="test_8_starter_slugs_present" time="0.116" /><testcase classname="tests.test_kb_phase1m.TestSeed" name="test_seed_idempotent_no_duplicates" time="0.106" /><testcase classname="tests.test_leave_phase1b.TestLeaveTypes" name="test_list_returns_9_seeded" time="1.910" /><testcase classname="tests.test_leave_phase1b.TestLeaveTypes" name="test_create_requires_admin_role" time="0.120" /><testcase classname="tests.test_leave_phase1b.TestLeaveTypes" name="test_create_dup_code_blocked" time="0.119" /><testcase classname="tests.test_leave_phase1b.TestLeaveTypes" name="test_admin_create_update_delete" time="0.441" /><testcase classname="tests.test_leave_phase1b.TestHolidays" name="test_list_2026_has_22" time="0.129" /><testcase classname="tests.test_leave_phase1b.TestHolidays" name="test_holiday_crud_admin" time="0.424" /><testcase classname="tests.test_leave_phase1b.TestBalances" name="test_employee_balances_auto_create" time="0.114" /><testcase classname="tests.test_leave_phase1b.TestBalances" name="test_gender_filter_male_no_maternity" time="0.228" /><testcase classname="tests.test_leave_phase1b.TestBalances" name="test_adjust_balance_and_audit" time="0.507" /><testcase classname="tests.test_leave_phase1b.TestLeaveFlow" name="test_create_leave_half_day_count" time="0.366" /><testcase classname="tests.test_leave_phase1b.TestLeaveFlow" name="test_sunday_and_holiday_excluded" time="0.373" /><testcase classname="tests.test_leave_phase1b.TestLeaveFlow" name="test_overdraw_blocked_400" time="0.256" /><testcase classname="tests.test_leave_phase1b.TestLeaveFlow" name="test_lop_allows_negative" time="0.364" /><testcase classname="tests.test_leave_phase1b.TestLeaveFlow" name="test_notice_days_enforced" time="0.286" /><testcase classname="tests.test_leave_phase1b.TestLeaveFlow" name="test_cancel_releases_pending" time="0.680" /><testcase classname="tests.test_leave_phase1b.TestLeaveFlow" name="test_approve_flow_moves_pending_to_used" time="1.294" /><testcase classname="tests.test_leave_phase1b.TestTeamCalendar" name="test_team_calendar_returns_shape" time="0.106" /><testcase classname="tests.test_leave_phase1b.TestIsolation" name="test_hr_cannot_read_other_company_type" time="0.103" /><testcase classname="tests.test_modules_phase0" name="test_catalog_super_admin_has_retail_and_wholesale" time="1.483" /><testcase classname="tests.test_modules_phase0" name="test_catalog_reseller_only_wholesale" time="0.105" /><testcase classname="tests.test_modules_phase0" name="test_catalog_company_admin_has_no_prices" time="0.113" /><testcase classname="tests.test_modules_phase0" name="test_mine_hr_has_base_and_procurement" time="0.114" /><testcase classname="tests.test_modules_phase0" name="test_mine_super_admin_returns_all" time="0.116" /><testcase classname="tests.test_modules_phase0" name="test_enable_module_trial_and_pricing" time="0.207" /><testcase classname="tests.test_modules_phase0" name="test_enable_module_currency_override_usd" time="0.134" /><testcase classname="tests.test_modules_phase0" name="test_disable_by_reseller_is_forbidden" time="0.114" /><testcase classname="tests.test_modules_phase0" name="test_disable_base_hrms_is_rejected" time="0.144" /><testcase classname="tests.test_modules_phase0" name="test_disable_by_super_admin_works" time="0.247" /><testcase classname="tests.test_modules_phase0" name="test_bundle_activation_tags_source" time="0.217" /><testcase classname="tests.test_modules_phase0" name="test_request_activation_and_audit" time="0.409" /><testcase classname="tests.test_modules_phase0" name="test_integrity_check_acme_is_ok" time="0.147" /><testcase classname="tests.test_modules_phase0" name="test_reseller_cannot_enable_on_unowned_company" time="0.440" /><testcase classname="tests.test_modules_phase0" name="test_export_as_company_admin_returns_zip" time="0.146" /><testcase classname="tests.test_modules_phase0" name="test_export_as_employee_is_forbidden" time="0.108" /><testcase classname="tests.test_modules_phase0" name="test_module_gate_blocks_non_entitled" time="0.227" /><testcase classname="tests.test_notifications_phase1d.TestBasics" name="test_unread_count_shape" time="0.376" /><testcase classname="tests.test_notifications_phase1d.TestBasics" name="test_list_returns_array" time="0.056" /><testcase classname="tests.test_notifications_phase1d.TestBasics" name="test_prefs_auto_create_defaults" time="0.048" /><testcase classname="tests.test_notifications_phase1d.TestBasics" name="test_prefs_update" time="0.095" /><testcase classname="tests.test_notifications_phase1d.TestIsolation" name="test_list_returns_only_own" time="0.458" /><testcase classname="tests.test_notifications_phase1d.TestLeaveApprovalDispatch" name="test_employee_applies_manager_gets_approval_pending" time="2.861" /><testcase classname="tests.test_notifications_phase1d.TestLeaveApprovalDispatch" name="test_final_decision_notifies_requester" time="4.254" /><testcase classname="tests.test_notifications_phase1d.TestDedup" name="test_duplicate_dispatch_same_dedup_key" time="0.055" /><testcase classname="tests.test_notifications_phase1d.TestPreferencesGating" name="test_mute_approval_pending_suppresses" time="1.571" /><testcase classname="tests.test_notifications_phase1d.TestPreferencesGating" name="test_channel_in_app_false_suppresses_inbox" time="1.560" /><testcase classname="tests.test_notifications_phase1d.TestEmailScaffold" name="test_no_resend_key_does_not_break_inapp" time="1.424" /><testcase classname="tests.test_notifications_phase1d.TestReadOps" name="test_mark_single_read" time="0.217" /><testcase classname="tests.test_notifications_phase1d.TestReadOps" name="test_mark_all_read" time="0.123" /><testcase classname="tests.test_notifications_phase1d.TestOffboarding" name="test_offboarding_initiated_notifies_admins" time="0.178"><skipped type="pytest.skip" message="Offboarding endpoint not available or returned 405: {&quot;detail&quot;:&quot;Method Not Allowed&quot;}">/app/backend/tests/test_notifications_phase1d.py:362: Offboarding endpoint not available or returned 405: {"detail":"Method Not Allowed"}</skipped></testcase><testcase classname="tests.test_phase1a_lifecycle.TestProfile" name="test_me_returns_employee_profile_editable" time="1.916" /><testcase classname="tests.test_phase1a_lifecycle.TestProfile" name="test_hr_can_view_any_employee" time="0.111" /><testcase classname="tests.test_phase1a_lifecycle.TestProfile" name="test_employee_forbidden_on_other_employee" time="0.212" /><testcase classname="tests.test_phase1a_lifecycle.TestProfile" name="test_hr_patch_updates_all_sections_and_completeness" time="0.227" /><testcase classname="tests.test_phase1a_lifecycle.TestProfile" name="test_employee_cannot_patch_kyc" time="0.109" /><testcase classname="tests.test_phase1a_lifecycle.TestProfile" name="test_employee_can_patch_personal_via_self" time="0.106" /><testcase classname="tests.test_phase1a_lifecycle.TestDocuments" name="test_upload_and_list_no_blob" time="0.479" /><testcase classname="tests.test_phase1a_lifecycle.TestDocuments" name="test_upload_rejects_over_2mb" time="0.298" /><testcase classname="tests.test_phase1a_lifecycle.TestOnboarding" name="test_templates_seeded" time="0.117" /><testcase classname="tests.test_phase1a_lifecycle.TestOnboarding" name="test_non_admin_cannot_create_template" time="0.120" /><testcase classname="tests.test_phase1a_lifecycle.TestOnboarding" name="test_start_onboarding_computes_due_dates_and_flips_status" time="0.321" /><testcase classname="tests.test_phase1a_lifecycle.TestOnboarding" name="test_mark_all_tasks_done_auto_completes" time="1.533" /><testcase classname="tests.test_phase1a_lifecycle.TestOffboarding" name="test_start_offboarding_has_8_clearance" time="0.110" /><testcase classname="tests.test_phase1a_lifecycle.TestOffboarding" name="test_update_clearance_flips_in_progress" time="0.107" /><testcase classname="tests.test_phase1a_lifecycle.TestOffboarding" name="test_exit_interview_submit_saves_timestamp" time="0.118" /><testcase classname="tests.test_phase1a_lifecycle.TestOffboarding" name="test_complete_blocked_if_pending" time="0.111" /><testcase classname="tests.test_phase1a_lifecycle.TestOffboarding" name="test_complete_when_all_cleared_flips_terminated" time="1.353" /><testcase classname="tests.test_phase1a_lifecycle.TestModuleGating" name="test_onboarding_blocked_without_module" time="0.452" /><testcase classname="tests.test_phase1a_lifecycle.TestTenantIsolation" name="test_cross_tenant_profile_403" time="1.015" /><testcase classname="tests.test_workflows" name="test_hr_lists_seeded_workflows" time="1.521" /><testcase classname="tests.test_workflows" name="test_filter_workflows_by_request_type" time="0.545" /><testcase classname="tests.test_workflows" name="test_create_workflow_persists_and_returned_on_get" time="0.690" /><testcase classname="tests.test_workflows" name="test_update_workflow_replaces_steps" time="0.765" /><testcase classname="tests.test_workflows" name="test_toggle_workflow_flips_active_flag" time="0.792" /><testcase classname="tests.test_workflows" name="test_delete_workflow_and_verify_404" time="0.680" /><testcase classname="tests.test_workflows" name="test_employee_cannot_create_workflow" time="0.451" /><testcase classname="tests.test_workflows" name="test_tenant_isolation_hr_only_sees_own_company_workflows" time="0.432" /><testcase classname="tests.test_workflows" name="test_matching_engine_casual_leave_manager_only" time="0.677" /><testcase classname="tests.test_workflows" name="test_matching_engine_unpaid_leave_3_levels" time="0.659" /><testcase classname="tests.test_workflows" name="test_matching_engine_stationery_2_levels" time="0.576" /><testcase classname="tests.test_workflows" name="test_matching_engine_computer_purchase_5_levels" time="0.558" /><testcase classname="tests.test_workflows" name="test_matching_engine_highvalue_service_catchall" time="0.574" /><testcase classname="tests.test_workflows" name="test_matching_engine_fallback_when_no_match" time="0.555" /><testcase classname="tests.test_workflows" name="test_preview_workflow_computer" time="0.456" /><testcase classname="tests.test_workflows" name="test_preview_workflow_no_match_fallback" time="0.471" /><testcase classname="tests.test_workflows" name="test_casual_leave_single_step_full_decision_flow" time="1.185" /><testcase classname="tests.test_workflows" name="test_no_leak_in_workflow_list" time="0.449" /><testcase classname="tests.test_workflows" name="test_no_leak_in_preview" time="0.467" /></testsuite></testsuites>