<?xml version="1.0" encoding="utf-8"?><testsuites name="pytest tests"><testsuite name="pytest" errors="0" failures="0" skipped="0" tests="13" time="5.021" timestamp="2026-04-24T20:07:29.232710+00:00" hostname="agent-env-f49ab1fa-c692-4937-802e-4e79c94c0e60"><testcase classname="backend.tests.test_iteration14_attendance_demo.TestLiveBoard" name="test_live_board_default_today" time="0.637" /><testcase classname="backend.tests.test_iteration14_attendance_demo.TestLiveBoard" name="test_live_board_specific_date" time="0.114" /><testcase classname="backend.tests.test_iteration14_attendance_demo.TestLiveBoard" name="test_live_board_invalid_date" time="0.164" /><testcase classname="backend.tests.test_iteration14_attendance_demo.TestLiveBoard" name="test_live_board_forbidden_for_employee" time="0.483" /><testcase classname="backend.tests.test_iteration14_attendance_demo.TestRegister" name="test_register_returns_grid" time="0.149" /><testcase classname="backend.tests.test_iteration14_attendance_demo.TestRegister" name="test_register_missing_month" time="0.152" /><testcase classname="backend.tests.test_iteration14_attendance_demo.TestDemoSeeder" name="test_seed_requires_hr" time="0.108" /><testcase classname="backend.tests.test_iteration14_attendance_demo.TestDemoSeeder" name="test_wipe_requires_hr" time="0.180" /><testcase classname="backend.tests.test_iteration14_attendance_demo.TestDemoSeeder" name="test_seed_small_then_live_board_has_demos" time="0.820" /><testcase classname="backend.tests.test_iteration14_attendance_demo.TestDemoSeeder" name="test_seed_idempotent_no_duplicate_key" time="0.492" /><testcase classname="backend.tests.test_iteration14_attendance_demo.TestDemoSeeder" name="test_seed_50x2_perf" time="0.956" /><testcase classname="backend.tests.test_iteration14_attendance_demo.TestDemoSeeder" name="test_wipe_cleans_up" time="0.431" /><testcase classname="backend.tests.test_iteration14_attendance_demo.TestDemoSeeder" name="test_seed_param_validation" time="0.230" /></testsuite></testsuites>