<?xml version="1.0" encoding="utf-8"?><testsuites name="pytest tests"><testsuite name="pytest" errors="0" failures="0" skipped="0" tests="17" time="5.390" timestamp="2026-04-26T09:10:29.424297+00:00" hostname="agent-env-f49ab1fa-c692-4937-802e-4e79c94c0e60"><testcase classname="backend.tests.test_iteration15_lifecycle_etc.TestLifecycle" name="test_scan_and_idempotent" time="0.586" /><testcase classname="backend.tests.test_iteration15_lifecycle_etc.TestLifecycle" name="test_list_alerts_filters" time="0.227" /><testcase classname="backend.tests.test_iteration15_lifecycle_etc.TestLifecycle" name="test_decide_probation_yes_creates_letter" time="0.318" /><testcase classname="backend.tests.test_iteration15_lifecycle_etc.TestLifecycle" name="test_decide_salary_review_requires_new_ctc" time="0.314" /><testcase classname="backend.tests.test_iteration15_lifecycle_etc.TestLifecycle" name="test_decide_later_requires_remind_on_and_dismiss" time="0.424" /><testcase classname="backend.tests.test_iteration15_lifecycle_etc.TestLifecycle" name="test_settings_hr_only" time="0.638" /><testcase classname="backend.tests.test_iteration15_lifecycle_etc.TestLifecycle" name="test_announce_new_joiner" time="0.330" /><testcase classname="backend.tests.test_iteration15_lifecycle_etc.TestLoanRequests" name="test_employee_create_and_visibility" time="0.545" /><testcase classname="backend.tests.test_iteration15_lifecycle_etc.TestLoanRequests" name="test_reject_no_loan_created" time="0.208" /><testcase classname="backend.tests.test_iteration15_lifecycle_etc.TestInsurance" name="test_emp_list_active" time="0.214" /><testcase classname="backend.tests.test_iteration15_lifecycle_etc.TestInsurance" name="test_claim_creates_ticket" time="0.106" /><testcase classname="backend.tests.test_iteration15_lifecycle_etc.TestInsurance" name="test_claim_invalid_policy" time="0.103" /><testcase classname="backend.tests.test_iteration15_lifecycle_etc.TestLWF" name="test_seed_17_states" time="0.106" /><testcase classname="backend.tests.test_iteration15_lifecycle_etc.TestLWF" name="test_update" time="0.197" /><testcase classname="backend.tests.test_iteration15_lifecycle_etc.TestLWF" name="test_emp_cannot_update" time="0.207" /><testcase classname="backend.tests.test_iteration15_lifecycle_etc.TestCompliance" name="test_create_and_list" time="0.215" /><testcase classname="backend.tests.test_iteration15_lifecycle_etc.TestExpenseVoucherPDF" name="test_pdf_for_approved" time="0.582" /></testsuite></testsuites>