<?xml version="1.0" encoding="utf-8"?><testsuites name="pytest tests"><testsuite name="pytest" errors="0" failures="0" skipped="0" tests="17" time="2.322" timestamp="2026-04-26T14:08:30.954870+00:00" hostname="agent-env-f49ab1fa-c692-4937-802e-4e79c94c0e60"><testcase classname="backend.tests.test_iteration16_orgchart.TestOrgChart" name="test_reporting_template" time="0.529" /><testcase classname="backend.tests.test_iteration16_orgchart.TestOrgChart" name="test_functional_template" time="0.051" /><testcase classname="backend.tests.test_iteration16_orgchart.TestOrgChart" name="test_location_template" time="0.054" /><testcase classname="backend.tests.test_iteration16_orgchart.TestOrgChart" name="test_project_template" time="0.140" /><testcase classname="backend.tests.test_iteration16_orgchart.TestOrgChart" name="test_invalid_template" time="0.045" /><testcase classname="backend.tests.test_iteration16_orgchart.TestEmployeePatch" name="test_patch_basic" time="0.107" /><testcase classname="backend.tests.test_iteration16_orgchart.TestEmployeePatch" name="test_self_management_rejected" time="0.048" /><testcase classname="backend.tests.test_iteration16_orgchart.TestEmployeePatch" name="test_cycle_creation_rejected" time="0.051" /><testcase classname="backend.tests.test_iteration16_orgchart.TestEmployeePatch" name="test_whitelist_only" time="0.048" /><testcase classname="backend.tests.test_iteration16_orgchart.TestEmployeePatch" name="test_denormalize_dept_branch" time="0.147" /><testcase classname="backend.tests.test_iteration16_orgchart.TestProjects" name="test_crud" time="0.291" /><testcase classname="backend.tests.test_iteration16_orgchart.TestBranches" name="test_branch_update_and_hq_singleton" time="0.190" /><testcase classname="backend.tests.test_iteration16_orgchart.TestBranches" name="test_branch_delete_blocked_if_in_use" time="0.138" /><testcase classname="backend.tests.test_iteration16_orgchart.TestEmployeeFilters" name="test_filter_by_branch" time="0.095" /><testcase classname="backend.tests.test_iteration16_orgchart.TestEmployeeFilters" name="test_filter_by_department" time="0.094" /><testcase classname="backend.tests.test_iteration16_orgchart.TestEmployeeFilters" name="test_filter_q_search" time="0.053" /><testcase classname="backend.tests.test_iteration16_orgchart.TestEmployeeFilters" name="test_filter_by_employee_type" time="0.048" /></testsuite></testsuites>