<?xml version="1.0" encoding="utf-8"?><testsuites name="pytest tests"><testsuite name="pytest" errors="0" failures="0" skipped="1" tests="17" time="5.755" timestamp="2026-04-24T13:00:35.179320+00:00" hostname="agent-env-f49ab1fa-c692-4937-802e-4e79c94c0e60"><testcase classname="backend.tests.test_iteration10_new_features.TestPayrollRunsAndPDF" name="test_list_payroll_runs" time="0.579" /><testcase classname="backend.tests.test_iteration10_new_features.TestPayrollRunsAndPDF" name="test_list_payslips_for_march" time="0.235" /><testcase classname="backend.tests.test_iteration10_new_features.TestPayrollRunsAndPDF" name="test_payslip_pdf_download_hr" time="0.336" /><testcase classname="backend.tests.test_iteration10_new_features.TestPayrollRunsAndPDF" name="test_payslip_pdf_employee_own" time="0.439"><skipped type="pytest.skip" message="Employee has no visible published payslips">/app/backend/tests/test_iteration10_new_features.py:110: Employee has no visible published payslips</skipped></testcase><testcase classname="backend.tests.test_iteration10_new_features.TestPayrollRunsAndPDF" name="test_statutory_csv[exports/bank-advice-expected_header_substrings0]" time="0.116" /><testcase classname="backend.tests.test_iteration10_new_features.TestPayrollRunsAndPDF" name="test_statutory_csv[exports/form-24q-expected_header_substrings1]" time="0.101" /><testcase classname="backend.tests.test_iteration10_new_features.TestPayrollRunsAndPDF" name="test_statutory_csv[exports/pf-ecr-expected_header_substrings2]" time="0.124" /><testcase classname="backend.tests.test_iteration10_new_features.TestPayrollRunsAndPDF" name="test_statutory_csv[exports/esic-monthly-expected_header_substrings3]" time="0.112" /><testcase classname="backend.tests.test_iteration10_new_features.TestPolicies" name="test_list_policies" time="0.108" /><testcase classname="backend.tests.test_iteration10_new_features.TestPolicies" name="test_create_and_publish_policy" time="0.441" /><testcase classname="backend.tests.test_iteration10_new_features.TestLetters" name="test_generate_letter_and_pdf" time="0.562" /><testcase classname="backend.tests.test_iteration10_new_features.TestAssets" name="test_create_assign_return_asset" time="0.887" /><testcase classname="backend.tests.test_iteration10_new_features.TestFnFLoans" name="test_create_loan" time="0.333" /><testcase classname="backend.tests.test_iteration10_new_features.TestFnFLoans" name="test_fnf_compute" time="0.427" /><testcase classname="backend.tests.test_iteration10_new_features.TestExpenses" name="test_expense_claim_submit_and_approve" time="0.594" /><testcase classname="backend.tests.test_iteration10_new_features.TestSidebarGating" name="test_employee_cannot_list_payroll_runs" time="0.107" /><testcase classname="backend.tests.test_iteration10_new_features.TestSidebarGating" name="test_employee_cannot_list_letters" time="0.157" /></testsuite></testsuites>