<?xml version="1.0" encoding="utf-8"?><testsuites name="pytest tests"><testsuite name="pytest" errors="0" failures="1" skipped="0" tests="31" time="7.568" timestamp="2026-04-24T19:46:40.078852+00:00" hostname="agent-env-f49ab1fa-c692-4937-802e-4e79c94c0e60"><testcase classname="backend.tests.test_iteration13_procurement.TestModules" name="test_modules_mine_contains_11_expected" time="0.584"><failure message="AssertionError: Missing active modules for ACME: {'analytics', 'performance', 'assets', 'payroll', 'helpdesk', 'expense', 'travel', 'ats', 'onboarding', 'base_hrms', 'procurement'}. Got: {'company_id', 'role', 'active_modules'}&#10;assert not {'analytics', 'assets', 'ats', 'base_hrms', 'expense', 'helpdesk', ...}">backend/tests/test_iteration13_procurement.py:64: in test_modules_mine_contains_11_expected
    assert not missing, f"Missing active modules for ACME: {missing}. Got: {ids}"
E   AssertionError: Missing active modules for ACME: {'analytics', 'performance', 'assets', 'payroll', 'helpdesk', 'expense', 'travel', 'ats', 'onboarding', 'base_hrms', 'procurement'}. Got: {'company_id', 'role', 'active_modules'}
E   assert not {'analytics', 'assets', 'ats', 'base_hrms', 'expense', 'helpdesk', ...}</failure></testcase><testcase classname="backend.tests.test_iteration13_procurement.TestVendors" name="test_create_vendor_auto_code_and_token" time="0.328" /><testcase classname="backend.tests.test_iteration13_procurement.TestVendors" name="test_list_vendors_strips_portal_token" time="0.111" /><testcase classname="backend.tests.test_iteration13_procurement.TestVendors" name="test_get_vendor_detail_shows_token_for_hr" time="0.139" /><testcase classname="backend.tests.test_iteration13_procurement.TestVendors" name="test_patch_vendor" time="0.111" /><testcase classname="backend.tests.test_iteration13_procurement.TestVendors" name="test_rotate_token_changes_it" time="0.115" /><testcase classname="backend.tests.test_iteration13_procurement.TestVendorRatings" name="test_rate_and_rollup" time="0.566" /><testcase classname="backend.tests.test_iteration13_procurement.TestRFQ" name="test_create_rfq_auto_code" time="0.104" /><testcase classname="backend.tests.test_iteration13_procurement.TestRFQ" name="test_open_rfq_and_invite_dedupes" time="0.399" /><testcase classname="backend.tests.test_iteration13_procurement.TestRFQ" name="test_quotes_sealed_before_close" time="0.141" /><testcase classname="backend.tests.test_iteration13_procurement.TestRFQ" name="test_invalid_status_transition_rejected" time="0.117" /><testcase classname="backend.tests.test_iteration13_procurement.TestVendorPortal" name="test_me_missing_token_401" time="0.166" /><testcase classname="backend.tests.test_iteration13_procurement.TestVendorPortal" name="test_me_invalid_token_401" time="0.169" /><testcase classname="backend.tests.test_iteration13_procurement.TestVendorPortal" name="test_me_valid_token" time="0.113" /><testcase classname="backend.tests.test_iteration13_procurement.TestVendorPortal" name="test_list_rfqs_hides_target_price" time="0.116" /><testcase classname="backend.tests.test_iteration13_procurement.TestVendorPortal" name="test_submit_quote_sealed" time="0.255" /><testcase classname="backend.tests.test_iteration13_procurement.TestVendorPortal" name="test_hr_cannot_see_quotes_before_close" time="0.121" /><testcase classname="backend.tests.test_iteration13_procurement.TestRFQCloseCompareAward" name="test_close_unseals_quotes" time="0.397" /><testcase classname="backend.tests.test_iteration13_procurement.TestRFQCloseCompareAward" name="test_compare_matrix" time="0.118" /><testcase classname="backend.tests.test_iteration13_procurement.TestRFQCloseCompareAward" name="test_award_creates_po" time="0.135" /><testcase classname="backend.tests.test_iteration13_procurement.TestPOChain" name="test_submit_for_approval" time="0.137" /><testcase classname="backend.tests.test_iteration13_procurement.TestPOChain" name="test_approve_decision" time="0.114" /><testcase classname="backend.tests.test_iteration13_procurement.TestPOChain" name="test_send_po" time="0.177" /><testcase classname="backend.tests.test_iteration13_procurement.TestPOChain" name="test_portal_list_pos_and_ack" time="0.234" /><testcase classname="backend.tests.test_iteration13_procurement.TestPOChain" name="test_receive_partial_then_full" time="0.346" /><testcase classname="backend.tests.test_iteration13_procurement.TestPOChain" name="test_pay_before_invoice_rejected" time="0.110" /><testcase classname="backend.tests.test_iteration13_procurement.TestPOChain" name="test_invoice_then_pay" time="0.236" /><testcase classname="backend.tests.test_iteration13_procurement.TestPortalGuards" name="test_cannot_submit_quote_to_closed_rfq" time="0.188" /><testcase classname="backend.tests.test_iteration13_procurement.TestPortalGuards" name="test_blacklisted_vendor_403" time="0.385" /><testcase classname="backend.tests.test_iteration13_procurement.TestModuleGating" name="test_disable_procurement_returns_402_but_portal_still_works" time="0.966" /><testcase classname="backend.tests.test_iteration13_procurement.TestTenantIsolation" name="test_vendor_token_sees_only_own_company_rfqs" time="0.128" /></testsuite></testsuites>