<?xml version="1.0" encoding="utf-8"?><testsuites name="pytest tests"><testsuite name="pytest" errors="0" failures="0" skipped="0" tests="15" time="5.602" timestamp="2026-04-24T14:41:50.521934+00:00" hostname="agent-env-f49ab1fa-c692-4937-802e-4e79c94c0e60"><testcase classname="backend.tests.test_phase1j_performance.TestCycles" name="test_list_and_status_transitions" time="1.770" /><testcase classname="backend.tests.test_phase1j_performance.TestCycles" name="test_invalid_status_rejected" time="0.125" /><testcase classname="backend.tests.test_phase1j_performance.TestCycles" name="test_employee_cannot_create_cycle" time="0.459" /><testcase classname="backend.tests.test_phase1j_performance.TestGoals" name="test_hr_creates_goal_and_progress_computed" time="0.246" /><testcase classname="backend.tests.test_phase1j_performance.TestGoals" name="test_employee_updates_own_kr_progress" time="0.246" /><testcase classname="backend.tests.test_phase1j_performance.TestGoals" name="test_employee_cannot_create_for_others" time="0.230" /><testcase classname="backend.tests.test_phase1j_performance.TestGoals" name="test_employee_sees_only_own_goals" time="0.140" /><testcase classname="backend.tests.test_phase1j_performance.TestGoals" name="test_me_summary" time="0.132" /><testcase classname="backend.tests.test_phase1j_performance.TestReviews" name="test_create_self_review_and_submit" time="0.620" /><testcase classname="backend.tests.test_phase1j_performance.TestReviews" name="test_duplicate_review_returns_existing" time="0.206" /><testcase classname="backend.tests.test_phase1j_performance.TestReviews" name="test_invalid_rating_rejected" time="0.221" /><testcase classname="backend.tests.test_phase1j_performance.TestNineBox" name="test_upsert_and_grid" time="0.354" /><testcase classname="backend.tests.test_phase1j_performance.TestNineBox" name="test_employee_cannot_view_grid" time="0.127" /><testcase classname="backend.tests.test_phase1j_performance.TestPIPs" name="test_create_milestone_close" time="0.421" /><testcase classname="backend.tests.test_phase1j_performance.TestPIPs" name="test_employee_sees_own_pip" time="0.231" /></testsuite></testsuites>