<?xml version="1.0" encoding="utf-8"?><testsuites name="pytest tests"><testsuite name="pytest" errors="0" failures="0" skipped="0" tests="24" time="10.984" timestamp="2026-04-24T14:43:15.373301+00:00" hostname="agent-env-f49ab1fa-c692-4937-802e-4e79c94c0e60"><testcase classname="backend.tests.test_phase1j_performance.TestCycles" name="test_list_and_status_transitions" time="1.630" /><testcase classname="backend.tests.test_phase1j_performance.TestCycles" name="test_invalid_status_rejected" time="0.128" /><testcase classname="backend.tests.test_phase1j_performance.TestCycles" name="test_employee_cannot_create_cycle" time="1.055" /><testcase classname="backend.tests.test_phase1j_performance.TestGoals" name="test_hr_creates_goal_and_progress_computed" time="0.219" /><testcase classname="backend.tests.test_phase1j_performance.TestGoals" name="test_employee_updates_own_kr_progress" time="0.218" /><testcase classname="backend.tests.test_phase1j_performance.TestGoals" name="test_employee_cannot_create_for_others" time="0.232" /><testcase classname="backend.tests.test_phase1j_performance.TestGoals" name="test_employee_sees_only_own_goals" time="0.105" /><testcase classname="backend.tests.test_phase1j_performance.TestGoals" name="test_me_summary" time="0.114" /><testcase classname="backend.tests.test_phase1j_performance.TestReviews" name="test_create_self_review_and_submit" time="0.569" /><testcase classname="backend.tests.test_phase1j_performance.TestReviews" name="test_duplicate_review_returns_existing" time="0.225" /><testcase classname="backend.tests.test_phase1j_performance.TestReviews" name="test_invalid_rating_rejected" time="0.258" /><testcase classname="backend.tests.test_phase1j_performance.TestNineBox" name="test_upsert_and_grid" time="0.361" /><testcase classname="backend.tests.test_phase1j_performance.TestNineBox" name="test_employee_cannot_view_grid" time="0.151" /><testcase classname="backend.tests.test_phase1j_performance.TestPIPs" name="test_create_milestone_close" time="0.368" /><testcase classname="backend.tests.test_phase1j_performance.TestPIPs" name="test_employee_sees_own_pip" time="0.230" /><testcase classname="backend.tests.test_phase1j_gating_and_tenancy.TestModuleGating" name="test_cycles_gated" time="1.170" /><testcase classname="backend.tests.test_phase1j_gating_and_tenancy.TestModuleGating" name="test_goals_gated" time="0.345" /><testcase classname="backend.tests.test_phase1j_gating_and_tenancy.TestModuleGating" name="test_reviews_gated" time="0.330" /><testcase classname="backend.tests.test_phase1j_gating_and_tenancy.TestModuleGating" name="test_ninebox_gated" time="0.338" /><testcase classname="backend.tests.test_phase1j_gating_and_tenancy.TestModuleGating" name="test_pips_gated" time="0.639" /><testcase classname="backend.tests.test_phase1j_gating_and_tenancy.TestTenantIsolation" name="test_cycles_list_isolated" time="1.620" /><testcase classname="backend.tests.test_phase1j_gating_and_tenancy.TestTenantIsolation" name="test_cycles_reverse_isolated" time="0.233" /><testcase classname="backend.tests.test_phase1j_gating_and_tenancy.TestTenantIsolation" name="test_goals_list_isolated" time="0.233" /><testcase classname="backend.tests.test_phase1j_gating_and_tenancy.TestTenantIsolation" name="test_ninebox_list_isolated" time="0.137" /></testsuite></testsuites>