<?xml version="1.0" encoding="utf-8"?><testsuites name="pytest tests"><testsuite name="pytest" errors="0" failures="0" skipped="0" tests="26" time="7.537" timestamp="2026-04-24T15:25:00.527079+00:00" hostname="agent-env-f49ab1fa-c692-4937-802e-4e79c94c0e60"><testcase classname="tests.test_iteration12_modules.TestRecruitment" name="test_create_requisition" time="0.486" /><testcase classname="tests.test_iteration12_modules.TestRecruitment" name="test_status_transitions" time="0.391" /><testcase classname="tests.test_iteration12_modules.TestRecruitment" name="test_public_careers_list" time="0.108" /><testcase classname="tests.test_iteration12_modules.TestRecruitment" name="test_public_apply_and_dedupe" time="0.299" /><testcase classname="tests.test_iteration12_modules.TestRecruitment" name="test_internal_candidate_full_lifecycle" time="0.364" /><testcase classname="tests.test_iteration12_modules.TestRecruitment" name="test_schedule_interview_and_scorecard" time="0.352" /><testcase classname="tests.test_iteration12_modules.TestRecruitment" name="test_offer_flow_and_convert_to_employee" time="0.721" /><testcase classname="tests.test_iteration12_modules.TestReports" name="test_dashboard_kpis" time="0.105" /><testcase classname="tests.test_iteration12_modules.TestReports" name="test_headcount_and_csv" time="0.246" /><testcase classname="tests.test_iteration12_modules.TestReports" name="test_attrition" time="0.128" /><testcase classname="tests.test_iteration12_modules.TestReports" name="test_tenure" time="0.120" /><testcase classname="tests.test_iteration12_modules.TestReports" name="test_compensation_bands" time="0.113" /><testcase classname="tests.test_iteration12_modules.TestReports" name="test_builder_run_employees" time="0.264" /><testcase classname="tests.test_iteration12_modules.TestHelpdesk" name="test_create_category" time="0.120" /><testcase classname="tests.test_iteration12_modules.TestHelpdesk" name="test_list_categories_as_employee" time="0.443" /><testcase classname="tests.test_iteration12_modules.TestHelpdesk" name="test_employee_creates_ticket_with_sla" time="0.109" /><testcase classname="tests.test_iteration12_modules.TestHelpdesk" name="test_employee_sees_only_own" time="0.108" /><testcase classname="tests.test_iteration12_modules.TestHelpdesk" name="test_hr_comment_sets_first_response" time="0.227" /><testcase classname="tests.test_iteration12_modules.TestHelpdesk" name="test_stats_overview_hr_only" time="0.233" /><testcase classname="tests.test_iteration12_modules.TestPOSH" name="test_anonymous_complaint_strips_identity" time="0.142" /><testcase classname="tests.test_iteration12_modules.TestPOSH" name="test_non_committee_hr_cannot_read_anon" time="0.278" /><testcase classname="tests.test_iteration12_modules.TestPOSH" name="test_committee_seed_and_access" time="0.646" /><testcase classname="tests.test_iteration12_modules.TestForm16" name="test_form16_json" time="0.234" /><testcase classname="tests.test_iteration12_modules.TestForm16" name="test_form16_pdf" time="0.286" /><testcase classname="tests.test_iteration12_modules.TestForm16" name="test_form16_cross_tenant_403" time="0.228" /><testcase classname="tests.test_iteration12_modules.TestModuleGating" name="test_disable_ats_returns_402" time="0.668" /></testsuite></testsuites>