<?xml version="1.0" encoding="utf-8"?><testsuites name="pytest tests"><testsuite name="pytest" errors="0" failures="0" skipped="0" tests="6" time="2.220" timestamp="2026-05-05T04:46:19.914940+00:00" hostname="agent-env-f49ab1fa-c692-4937-802e-4e79c94c0e60"><testcase classname="backend.tests.test_iteration21_retest.TestCompOffApprove" name="test_request_then_approve" time="1.110" /><testcase classname="backend.tests.test_iteration21_retest.TestCompOffApprove" name="test_request_then_reject" time="0.225" /><testcase classname="backend.tests.test_iteration21_retest.TestDeclarationsMe" name="test_admin_without_employee_id_gets_placeholder" time="0.446" /><testcase classname="backend.tests.test_iteration21_retest.TestDeclarationsMe" name="test_admin_with_explicit_fy" time="0.114" /><testcase classname="backend.tests.test_iteration21_retest.TestDeclarationsMe" name="test_employee_with_employee_id_gets_draft" time="0.105" /><testcase classname="backend.tests.test_iteration21_retest.TestBulkImportTemplate" name="test_dry_run_with_ctc_annual" time="0.150" /></testsuite></testsuites>