<?xml version="1.0" encoding="utf-8"?><testsuites name="pytest tests"><testsuite name="pytest" errors="0" failures="1" skipped="0" tests="17" time="4.864" timestamp="2026-05-05T04:38:46.618280+00:00" hostname="agent-env-f49ab1fa-c692-4937-802e-4e79c94c0e60"><testcase classname="backend.tests.test_iteration20_prelaunch_audit.TestAuthSmoke" name="test_login[super]" time="0.398" /><testcase classname="backend.tests.test_iteration20_prelaunch_audit.TestAuthSmoke" name="test_login[hr]" time="0.346" /><testcase classname="backend.tests.test_iteration20_prelaunch_audit.TestAuthSmoke" name="test_login[manager]" time="0.336" /><testcase classname="backend.tests.test_iteration20_prelaunch_audit.TestAuthSmoke" name="test_login[employee]" time="0.448" /><testcase classname="backend.tests.test_iteration20_prelaunch_audit.TestCompOff" name="test_list_as_employee" time="1.507" /><testcase classname="backend.tests.test_iteration20_prelaunch_audit.TestCompOff" name="test_list_admin_queue" time="0.099" /><testcase classname="backend.tests.test_iteration20_prelaunch_audit.TestCompOff" name="test_request_and_approve_flow" time="0.223"><failure message="AssertionError: approve: 500 Internal Server Error&#10;assert 500 in (200, 204)&#10; +  where 500 = &lt;Response [500]&gt;.status_code">backend/tests/test_iteration20_prelaunch_audit.py:80: in test_request_and_approve_flow
    assert r2.status_code in (200, 204), f"approve: {r2.status_code} {r2.text[:200]}"
E   AssertionError: approve: 500 Internal Server Error
E   assert 500 in (200, 204)
E    +  where 500 = &lt;Response [500]&gt;.status_code</failure></testcase><testcase classname="backend.tests.test_iteration20_prelaunch_audit.TestCompOff" name="test_request_validation" time="0.109" /><testcase classname="backend.tests.test_iteration20_prelaunch_audit.TestDeclarations" name="test_get_me_autocreates" time="0.127" /><testcase classname="backend.tests.test_iteration20_prelaunch_audit.TestDeclarations" name="test_save_and_persistence" time="0.205" /><testcase classname="backend.tests.test_iteration20_prelaunch_audit.TestDeclarations" name="test_submit" time="0.215" /><testcase classname="backend.tests.test_iteration20_prelaunch_audit.TestBulkImport" name="test_dry_run_good" time="0.127" /><testcase classname="backend.tests.test_iteration20_prelaunch_audit.TestBulkImport" name="test_dry_run_bad" time="0.104" /><testcase classname="backend.tests.test_iteration20_prelaunch_audit.TestBulkImport" name="test_employee_cannot_dry_run" time="0.126" /><testcase classname="backend.tests.test_iteration20_prelaunch_audit.TestAudit" name="test_list_as_hr" time="0.149" /><testcase classname="backend.tests.test_iteration20_prelaunch_audit.TestAudit" name="test_list_200_limit" time="0.116" /><testcase classname="backend.tests.test_iteration20_prelaunch_audit.TestAudit" name="test_employee_forbidden" time="0.122" /></testsuite></testsuites>