<?xml version="1.0" encoding="utf-8"?><testsuites name="pytest tests"><testsuite name="pytest" errors="0" failures="0" skipped="3" tests="9" time="1.860" timestamp="2026-05-04T14:47:33.272219+00:00" hostname="agent-env-f49ab1fa-c692-4937-802e-4e79c94c0e60"><testcase classname="backend.tests.test_iteration19_budget_workflow_ops.TestExpenseBudgetPreflight" name="test_small_expense_creates_with_budget_check_snapshot" time="0.469" /><testcase classname="backend.tests.test_iteration19_budget_workflow_ops.TestExpenseBudgetPreflight" name="test_over_budget_blocks_employee" time="0.055"><skipped type="pytest.skip" message="Policy cap fires before budget — split into smaller items required">/app/backend/tests/test_iteration19_budget_workflow_ops.py:95: Policy cap fires before budget — split into smaller items required</skipped></testcase><testcase classname="backend.tests.test_iteration19_budget_workflow_ops.TestExpenseBudgetPreflight" name="test_over_budget_admin_override" time="0.482"><skipped type="pytest.skip" message="Admin user not linked to employee: {&quot;detail&quot;:&quot;Not linked to an employee&quot;}">/app/backend/tests/test_iteration19_budget_workflow_ops.py:118: Admin user not linked to employee: {"detail":"Not linked to an employee"}</skipped></testcase><testcase classname="backend.tests.test_iteration19_budget_workflow_ops.TestExpenseBudgetPreflight" name="test_budgets_check_endpoint_no_envelope" time="0.070" /><testcase classname="backend.tests.test_iteration19_budget_workflow_ops.TestExpenseSubmitTriggersApproval" name="test_submit_populates_approval_request_id" time="0.167" /><testcase classname="backend.tests.test_iteration19_budget_workflow_ops.TestRecurringRunNow" name="test_run_now_auto_submit_creates_approval" time="0.207" /><testcase classname="backend.tests.test_iteration19_budget_workflow_ops.TestBranchOpsSummary" name="test_summary_shape" time="0.118" /><testcase classname="backend.tests.test_iteration19_budget_workflow_ops.TestBranchOpsSummary" name="test_summary_company_admin_any_branch" time="0.132" /><testcase classname="backend.tests.test_iteration19_budget_workflow_ops.TestProcurementPOSubmit" name="test_po_submit_does_budget_check" time="0.068"><skipped type="pytest.skip" message="Procurement POST /po endpoint not at this path">/app/backend/tests/test_iteration19_budget_workflow_ops.py:250: Procurement POST /po endpoint not at this path</skipped></testcase></testsuite></testsuites>