<?xml version="1.0" encoding="utf-8"?><testsuites name="pytest tests"><testsuite name="pytest" errors="0" failures="0" skipped="1" tests="14" time="13.365" timestamp="2026-04-23T18:34:51.029256+00:00" hostname="agent-env-f49ab1fa-c692-4937-802e-4e79c94c0e60"><testcase classname="backend.tests.test_notifications_phase1d.TestBasics" name="test_unread_count_shape" time="0.512" /><testcase classname="backend.tests.test_notifications_phase1d.TestBasics" name="test_list_returns_array" time="0.054" /><testcase classname="backend.tests.test_notifications_phase1d.TestBasics" name="test_prefs_auto_create_defaults" time="0.068" /><testcase classname="backend.tests.test_notifications_phase1d.TestBasics" name="test_prefs_update" time="0.101" /><testcase classname="backend.tests.test_notifications_phase1d.TestIsolation" name="test_list_returns_only_own" time="0.475" /><testcase classname="backend.tests.test_notifications_phase1d.TestLeaveApprovalDispatch" name="test_employee_applies_manager_gets_approval_pending" time="2.864" /><testcase classname="backend.tests.test_notifications_phase1d.TestLeaveApprovalDispatch" name="test_final_decision_notifies_requester" time="4.194" /><testcase classname="backend.tests.test_notifications_phase1d.TestDedup" name="test_duplicate_dispatch_same_dedup_key" time="0.050" /><testcase classname="backend.tests.test_notifications_phase1d.TestPreferencesGating" name="test_mute_approval_pending_suppresses" time="1.552" /><testcase classname="backend.tests.test_notifications_phase1d.TestPreferencesGating" name="test_channel_in_app_false_suppresses_inbox" time="1.550" /><testcase classname="backend.tests.test_notifications_phase1d.TestEmailScaffold" name="test_no_resend_key_does_not_break_inapp" time="1.422" /><testcase classname="backend.tests.test_notifications_phase1d.TestReadOps" name="test_mark_single_read" time="0.171" /><testcase classname="backend.tests.test_notifications_phase1d.TestReadOps" name="test_mark_all_read" time="0.119" /><testcase classname="backend.tests.test_notifications_phase1d.TestOffboarding" name="test_offboarding_initiated_notifies_admins" time="0.146"><skipped type="pytest.skip" message="Offboarding endpoint not available or returned 405: {&quot;detail&quot;:&quot;Method Not Allowed&quot;}">/app/backend/tests/test_notifications_phase1d.py:362: Offboarding endpoint not available or returned 405: {"detail":"Method Not Allowed"}</skipped></testcase></testsuite></testsuites>