<?xml version="1.0" encoding="utf-8"?><testsuites name="pytest tests"><testsuite name="pytest" errors="0" failures="0" skipped="1" tests="18" time="5.580" timestamp="2026-04-23T17:46:02.746992+00:00" hostname="agent-env-f49ab1fa-c692-4937-802e-4e79c94c0e60"><testcase classname="backend.tests.test_attendance_phase1c.TestShifts" name="test_list_5_seeded" time="0.512" /><testcase classname="backend.tests.test_attendance_phase1c.TestShifts" name="test_create_shift_and_default_unsets_others" time="0.822" /><testcase classname="backend.tests.test_attendance_phase1c.TestShifts" name="test_non_admin_create_403" time="0.480" /><testcase classname="backend.tests.test_attendance_phase1c.TestAssignments" name="test_create_assignment" time="0.329" /><testcase classname="backend.tests.test_attendance_phase1c.TestAssignments" name="test_list_assignments" time="0.121" /><testcase classname="backend.tests.test_attendance_phase1c.TestWorkSites" name="test_list_sites" time="0.258" /><testcase classname="backend.tests.test_attendance_phase1c.TestWorkSites" name="test_non_admin_create_403" time="0.122" /><testcase classname="backend.tests.test_attendance_phase1c.TestCheckin" name="test_1_wfo_far_blocked" time="0.346"><skipped type="pytest.skip" message="Attendance already exists for today — cannot re-test geo-block (run after fresh day)">/app/backend/tests/test_attendance_phase1c.py:180: Attendance already exists for today — cannot re-test geo-block (run after fresh day)</skipped></testcase><testcase classname="backend.tests.test_attendance_phase1c.TestCheckin" name="test_2_wfh_bypasses_geo" time="0.112" /><testcase classname="backend.tests.test_attendance_phase1c.TestCheckin" name="test_3_checkout_computes_hours" time="0.129" /><testcase classname="backend.tests.test_attendance_phase1c.TestRegularization" name="test_create_and_list" time="0.265" /><testcase classname="backend.tests.test_attendance_phase1c.TestOvertime" name="test_valid_ot" time="0.125" /><testcase classname="backend.tests.test_attendance_phase1c.TestOvertime" name="test_invalid_hours_zero" time="0.116" /><testcase classname="backend.tests.test_attendance_phase1c.TestOvertime" name="test_invalid_hours_over" time="0.105" /><testcase classname="backend.tests.test_attendance_phase1c.TestTimesheet" name="test_upsert_draft_computes_total" time="0.358" /><testcase classname="backend.tests.test_attendance_phase1c.TestApprovalsDispatch" name="test_ot_approval_flips_status" time="0.934" /><testcase classname="backend.tests.test_attendance_phase1c.TestMonthlyRegister" name="test_register_shape" time="0.112" /><testcase classname="backend.tests.test_attendance_phase1c.TestCrossTenant" name="test_super_admin_does_not_leak_into_acme" time="0.239" /></testsuite></testsuites>