<?xml version="1.0" encoding="utf-8"?><testsuites name="pytest tests"><testsuite name="pytest" errors="0" failures="0" skipped="0" tests="19" time="10.045" timestamp="2026-04-23T16:13:10.237967+00:00" hostname="agent-env-f49ab1fa-c692-4937-802e-4e79c94c0e60"><testcase classname="backend.tests.test_phase1a_lifecycle.TestProfile" name="test_me_returns_employee_profile_editable" time="2.227" /><testcase classname="backend.tests.test_phase1a_lifecycle.TestProfile" name="test_hr_can_view_any_employee" time="0.197" /><testcase classname="backend.tests.test_phase1a_lifecycle.TestProfile" name="test_employee_forbidden_on_other_employee" time="0.284" /><testcase classname="backend.tests.test_phase1a_lifecycle.TestProfile" name="test_hr_patch_updates_all_sections_and_completeness" time="0.297" /><testcase classname="backend.tests.test_phase1a_lifecycle.TestProfile" name="test_employee_cannot_patch_kyc" time="0.157" /><testcase classname="backend.tests.test_phase1a_lifecycle.TestProfile" name="test_employee_can_patch_personal_via_self" time="0.125" /><testcase classname="backend.tests.test_phase1a_lifecycle.TestDocuments" name="test_upload_and_list_no_blob" time="0.563" /><testcase classname="backend.tests.test_phase1a_lifecycle.TestDocuments" name="test_upload_rejects_over_2mb" time="0.295" /><testcase classname="backend.tests.test_phase1a_lifecycle.TestOnboarding" name="test_templates_seeded" time="0.173" /><testcase classname="backend.tests.test_phase1a_lifecycle.TestOnboarding" name="test_non_admin_cannot_create_template" time="0.109" /><testcase classname="backend.tests.test_phase1a_lifecycle.TestOnboarding" name="test_start_onboarding_computes_due_dates_and_flips_status" time="0.396" /><testcase classname="backend.tests.test_phase1a_lifecycle.TestOnboarding" name="test_mark_all_tasks_done_auto_completes" time="1.797" /><testcase classname="backend.tests.test_phase1a_lifecycle.TestOffboarding" name="test_start_offboarding_has_8_clearance" time="0.136" /><testcase classname="backend.tests.test_phase1a_lifecycle.TestOffboarding" name="test_update_clearance_flips_in_progress" time="0.130" /><testcase classname="backend.tests.test_phase1a_lifecycle.TestOffboarding" name="test_exit_interview_submit_saves_timestamp" time="0.108" /><testcase classname="backend.tests.test_phase1a_lifecycle.TestOffboarding" name="test_complete_blocked_if_pending" time="0.108" /><testcase classname="backend.tests.test_phase1a_lifecycle.TestOffboarding" name="test_complete_when_all_cleared_flips_terminated" time="1.308" /><testcase classname="backend.tests.test_phase1a_lifecycle.TestModuleGating" name="test_onboarding_blocked_without_module" time="0.488" /><testcase classname="backend.tests.test_phase1a_lifecycle.TestTenantIsolation" name="test_cross_tenant_profile_403" time="1.049" /></testsuite></testsuites>