<?xml version="1.0" encoding="utf-8"?><testsuites name="pytest tests"><testsuite name="pytest" errors="2" failures="0" skipped="0" tests="12" time="2.787" timestamp="2026-04-30T12:27:30.016091+00:00" hostname="agent-env-f49ab1fa-c692-4937-802e-4e79c94c0e60"><testcase classname="tests.test_phase1_employment_class_api" name="test_catalog_has_4_classes_and_19_features" time="0.554" /><testcase classname="tests.test_phase1_employment_class_api" name="test_permissions_for_hr_admin_defaults_to_on_roll" time="0.101" /><testcase classname="tests.test_phase1_employment_class_api" name="test_permissions_accessible_to_regular_employee" time="0.521" /><testcase classname="tests.test_phase1_employment_class_api" name="test_admin_config_returns_full_matrix" time="0.113" /><testcase classname="tests.test_phase1_employment_class_api" name="test_employee_role_cannot_read_admin_config" time="0.118" /><testcase classname="tests.test_phase1_employment_class_api" name="test_put_config_flips_single_flag_preserves_others" time="0.372" /><testcase classname="tests.test_phase1_employment_class_api" name="test_reset_restores_defaults_and_unsets_is_custom" time="0.388" /><testcase classname="tests.test_phase1_employment_class_api" name="test_stats_counts_match_seeded_numbers" time="0.113" /><testcase classname="tests.test_phase1_employment_class_api" name="test_employees_filter_by_employment_class_intern" time="0.120" /><testcase classname="tests.test_phase1_employment_class_api" name="test_employees_filter_by_consultant" time="0.116" /><testcase classname="tests.test_phase1_employment_class_api" name="test_create_employee_persists_employment_class" time="0.149"><error message="failed on setup with &quot;AssertionError: 422 {&quot;detail&quot;:[{&quot;type&quot;:&quot;missing&quot;,&quot;loc&quot;:[&quot;body&quot;,&quot;job_title&quot;],&quot;msg&quot;:&quot;Field required&quot;,&quot;input&quot;:{&quot;name&quot;:&quot;TEST_Phase1 Consultant&quot;,&quot;email&quot;:&quot;test_phase1_cons_1777552052@acme.io&quot;,&quot;designation&quot;:&quot;Test Consultant&quot;,&quot;d&#10;assert 422 in (200, 201)&#10; +  where 422 = &lt;Response [422]&gt;.status_code&quot;">tests/test_phase1_employment_class_api.py:212: in created_employee
    assert r.status_code in (200, 201), f"{r.status_code} {r.text[:200]}"
E   AssertionError: 422 {"detail":[{"type":"missing","loc":["body","job_title"],"msg":"Field required","input":{"name":"TEST_Phase1 Consultant","email":"test_phase1_cons_1777552052@acme.io","designation":"Test Consultant","d
E   assert 422 in (200, 201)
E    +  where 422 = &lt;Response [422]&gt;.status_code</error></testcase><testcase classname="tests.test_phase1_employment_class_api" name="test_patch_employee_can_update_employment_class" time="0.000"><error message="failed on setup with &quot;AssertionError: 422 {&quot;detail&quot;:[{&quot;type&quot;:&quot;missing&quot;,&quot;loc&quot;:[&quot;body&quot;,&quot;job_title&quot;],&quot;msg&quot;:&quot;Field required&quot;,&quot;input&quot;:{&quot;name&quot;:&quot;TEST_Phase1 Consultant&quot;,&quot;email&quot;:&quot;test_phase1_cons_1777552052@acme.io&quot;,&quot;designation&quot;:&quot;Test Consultant&quot;,&quot;d&#10;assert 422 in (200, 201)&#10; +  where 422 = &lt;Response [422]&gt;.status_code&quot;">tests/test_phase1_employment_class_api.py:212: in created_employee
    assert r.status_code in (200, 201), f"{r.status_code} {r.text[:200]}"
E   AssertionError: 422 {"detail":[{"type":"missing","loc":["body","job_title"],"msg":"Field required","input":{"name":"TEST_Phase1 Consultant","email":"test_phase1_cons_1777552052@acme.io","designation":"Test Consultant","d
E   assert 422 in (200, 201)
E    +  where 422 = &lt;Response [422]&gt;.status_code</error></testcase></testsuite></testsuites>