<?xml version="1.0" encoding="utf-8"?><testsuites name="pytest tests"><testsuite name="pytest" errors="0" failures="0" skipped="0" tests="16" time="4.287" timestamp="2026-04-23T16:34:12.751039+00:00" hostname="agent-env-f49ab1fa-c692-4937-802e-4e79c94c0e60"><testcase classname="backend.tests.test_kb_phase1m.TestCategories" name="test_categories_returns_9_with_counts" time="1.377" /><testcase classname="backend.tests.test_kb_phase1m.TestArticlesList" name="test_list_published_excludes_body" time="0.141" /><testcase classname="backend.tests.test_kb_phase1m.TestArticlesList" name="test_search_q_free_text" time="0.114" /><testcase classname="backend.tests.test_kb_phase1m.TestArticlesList" name="test_category_exact_filter" time="0.127" /><testcase classname="backend.tests.test_kb_phase1m.TestArticlesList" name="test_related_page_filter" time="0.116" /><testcase classname="backend.tests.test_kb_phase1m.TestArticlesList" name="test_articles_require_auth" time="0.117" /><testcase classname="backend.tests.test_kb_phase1m.TestArticleDetail" name="test_get_by_slug_returns_full_and_increments_view_count" time="0.292" /><testcase classname="backend.tests.test_kb_phase1m.TestArticleDetail" name="test_non_existent_slug_404" time="0.121" /><testcase classname="backend.tests.test_kb_phase1m.TestAdminCRUD" name="test_non_super_admin_forbidden_create" time="0.113" /><testcase classname="backend.tests.test_kb_phase1m.TestAdminCRUD" name="test_create_auto_slug" time="0.236" /><testcase classname="backend.tests.test_kb_phase1m.TestAdminCRUD" name="test_duplicate_slug_400" time="0.145" /><testcase classname="backend.tests.test_kb_phase1m.TestAdminCRUD" name="test_invalid_category_400" time="0.214" /><testcase classname="backend.tests.test_kb_phase1m.TestAdminCRUD" name="test_update_fields_and_slug_collision" time="0.268" /><testcase classname="backend.tests.test_kb_phase1m.TestAdminCRUD" name="test_delete_super_admin_only" time="0.230" /><testcase classname="backend.tests.test_kb_phase1m.TestSeed" name="test_8_starter_slugs_present" time="0.171" /><testcase classname="backend.tests.test_kb_phase1m.TestSeed" name="test_seed_idempotent_no_duplicates" time="0.116" /></testsuite></testsuites>