<?xml version="1.0" encoding="utf-8"?><testsuites name="pytest tests"><testsuite name="pytest" errors="0" failures="0" skipped="1" tests="18" time="8.762" timestamp="2026-04-23T17:25:59.841022+00:00" hostname="agent-env-f49ab1fa-c692-4937-802e-4e79c94c0e60"><testcase classname="backend.tests.test_leave_phase1b.TestLeaveTypes" name="test_list_returns_9_seeded" time="1.697" /><testcase classname="backend.tests.test_leave_phase1b.TestLeaveTypes" name="test_create_requires_admin_role" time="0.176" /><testcase classname="backend.tests.test_leave_phase1b.TestLeaveTypes" name="test_create_dup_code_blocked" time="0.154" /><testcase classname="backend.tests.test_leave_phase1b.TestLeaveTypes" name="test_admin_create_update_delete" time="0.583" /><testcase classname="backend.tests.test_leave_phase1b.TestHolidays" name="test_list_2026_has_22" time="0.138" /><testcase classname="backend.tests.test_leave_phase1b.TestHolidays" name="test_holiday_crud_admin" time="0.567" /><testcase classname="backend.tests.test_leave_phase1b.TestBalances" name="test_employee_balances_auto_create" time="0.240" /><testcase classname="backend.tests.test_leave_phase1b.TestBalances" name="test_gender_filter_male_no_maternity" time="0.308" /><testcase classname="backend.tests.test_leave_phase1b.TestBalances" name="test_adjust_balance_and_audit" time="0.535" /><testcase classname="backend.tests.test_leave_phase1b.TestLeaveFlow" name="test_create_leave_half_day_count" time="0.423" /><testcase classname="backend.tests.test_leave_phase1b.TestLeaveFlow" name="test_sunday_and_holiday_excluded" time="0.263"><skipped type="pytest.skip" message="Notice days block past/near past date; skipping in-range test">/app/backend/tests/test_leave_phase1b.py:266: Notice days block past/near past date; skipping in-range test</skipped></testcase><testcase classname="backend.tests.test_leave_phase1b.TestLeaveFlow" name="test_overdraw_blocked_400" time="0.248" /><testcase classname="backend.tests.test_leave_phase1b.TestLeaveFlow" name="test_lop_allows_negative" time="0.365" /><testcase classname="backend.tests.test_leave_phase1b.TestLeaveFlow" name="test_notice_days_enforced" time="0.236" /><testcase classname="backend.tests.test_leave_phase1b.TestLeaveFlow" name="test_cancel_releases_pending" time="0.700" /><testcase classname="backend.tests.test_leave_phase1b.TestLeaveFlow" name="test_approve_flow_moves_pending_to_used" time="1.779" /><testcase classname="backend.tests.test_leave_phase1b.TestTeamCalendar" name="test_team_calendar_returns_shape" time="0.124" /><testcase classname="backend.tests.test_leave_phase1b.TestIsolation" name="test_hr_cannot_read_other_company_type" time="0.122" /></testsuite></testsuites>