<?xml version="1.0" encoding="utf-8"?><testsuites name="pytest tests"><testsuite name="pytest" errors="0" failures="0" skipped="0" tests="61" time="83.179" timestamp="2026-04-23T15:02:57.479435+00:00" hostname="agent-env-f49ab1fa-c692-4937-802e-4e79c94c0e60"><testcase classname="backend.tests.test_hrms_backend" name="test_login_all_personas[admin]" time="0.462" /><testcase classname="backend.tests.test_hrms_backend" name="test_login_all_personas[reseller]" time="4.240" /><testcase classname="backend.tests.test_hrms_backend" name="test_login_all_personas[hr]" time="0.479" /><testcase classname="backend.tests.test_hrms_backend" name="test_login_all_personas[manager]" time="0.462" /><testcase classname="backend.tests.test_hrms_backend" name="test_login_all_personas[employee]" time="0.456" /><testcase classname="backend.tests.test_hrms_backend" name="test_login_invalid_credentials" time="0.347" /><testcase classname="backend.tests.test_hrms_backend" name="test_employee_cannot_list_resellers" time="0.482" /><testcase classname="backend.tests.test_hrms_backend" name="test_super_admin_can_list_resellers" time="0.468" /><testcase classname="backend.tests.test_hrms_backend" name="test_dashboard_super_admin" time="0.451" /><testcase classname="backend.tests.test_hrms_backend" name="test_dashboard_reseller" time="0.447" /><testcase classname="backend.tests.test_hrms_backend" name="test_dashboard_company_admin" time="0.481" /><testcase classname="backend.tests.test_hrms_backend" name="test_dashboard_employee" time="0.497" /><testcase classname="backend.tests.test_hrms_backend" name="test_hr_employees_scoped_to_company" time="0.488" /><testcase classname="backend.tests.test_hrms_backend" name="test_reseller_companies_scoped" time="0.479" /><testcase classname="backend.tests.test_hrms_backend" name="test_org_tree_hierarchy" time="0.466" /><testcase classname="backend.tests.test_hrms_backend" name="test_employees_filter_wfh" time="0.471" /><testcase classname="backend.tests.test_hrms_backend" name="test_employees_filter_search_aisha" time="0.438" /><testcase classname="backend.tests.test_hrms_backend" name="test_leave_approval_end_to_end" time="1.827" /><testcase classname="backend.tests.test_hrms_backend" name="test_leave_rejection_flow" time="1.072" /><testcase classname="backend.tests.test_hrms_backend" name="test_approvals_not_your_turn" time="0.972" /><testcase classname="backend.tests.test_hrms_backend" name="test_attendance_flow" time="1.522" /><testcase classname="backend.tests.test_hrms_backend" name="test_product_service_request_creation" time="0.912" /><testcase classname="backend.tests.test_hrms_backend" name="test_super_admin_create_reseller_and_company" time="1.753" /><testcase classname="backend.tests.test_hrms_backend" name="test_no_id_or_password_hash_leak_me" time="1.827" /><testcase classname="backend.tests.test_hrms_backend" name="test_no_leak_in_employees_list" time="1.066" /><testcase classname="backend.tests.test_modules_phase0" name="test_catalog_super_admin_has_retail_and_wholesale" time="1.466" /><testcase classname="backend.tests.test_modules_phase0" name="test_catalog_reseller_only_wholesale" time="0.117" /><testcase classname="backend.tests.test_modules_phase0" name="test_catalog_company_admin_has_no_prices" time="0.103" /><testcase classname="backend.tests.test_modules_phase0" name="test_mine_hr_has_base_and_procurement" time="0.112" /><testcase classname="backend.tests.test_modules_phase0" name="test_mine_super_admin_returns_all" time="0.109" /><testcase classname="backend.tests.test_modules_phase0" name="test_enable_module_trial_and_pricing" time="0.273" /><testcase classname="backend.tests.test_modules_phase0" name="test_enable_module_currency_override_usd" time="0.118" /><testcase classname="backend.tests.test_modules_phase0" name="test_disable_by_reseller_is_forbidden" time="0.135" /><testcase classname="backend.tests.test_modules_phase0" name="test_disable_base_hrms_is_rejected" time="0.124" /><testcase classname="backend.tests.test_modules_phase0" name="test_disable_by_super_admin_works" time="0.232" /><testcase classname="backend.tests.test_modules_phase0" name="test_bundle_activation_tags_source" time="0.248" /><testcase classname="backend.tests.test_modules_phase0" name="test_request_activation_and_audit" time="0.392" /><testcase classname="backend.tests.test_modules_phase0" name="test_integrity_check_acme_is_ok" time="0.128" /><testcase classname="backend.tests.test_modules_phase0" name="test_reseller_cannot_enable_on_unowned_company" time="0.473" /><testcase classname="backend.tests.test_modules_phase0" name="test_export_as_company_admin_returns_zip" time="0.176" /><testcase classname="backend.tests.test_modules_phase0" name="test_export_as_employee_is_forbidden" time="0.127" /><testcase classname="backend.tests.test_modules_phase0" name="test_module_gate_blocks_non_entitled" time="0.221" /><testcase classname="backend.tests.test_workflows" name="test_hr_lists_seeded_workflows" time="0.448" /><testcase classname="backend.tests.test_workflows" name="test_filter_workflows_by_request_type" time="0.606" /><testcase classname="backend.tests.test_workflows" name="test_create_workflow_persists_and_returned_on_get" time="0.686" /><testcase classname="backend.tests.test_workflows" name="test_update_workflow_replaces_steps" time="0.804" /><testcase classname="backend.tests.test_workflows" name="test_toggle_workflow_flips_active_flag" time="0.845" /><testcase classname="backend.tests.test_workflows" name="test_delete_workflow_and_verify_404" time="0.704" /><testcase classname="backend.tests.test_workflows" name="test_employee_cannot_create_workflow" time="0.452" /><testcase classname="backend.tests.test_workflows" name="test_tenant_isolation_hr_only_sees_own_company_workflows" time="0.460" /><testcase classname="backend.tests.test_workflows" name="test_matching_engine_casual_leave_manager_only" time="15.620" /><testcase classname="backend.tests.test_workflows" name="test_matching_engine_unpaid_leave_3_levels" time="15.681" /><testcase classname="backend.tests.test_workflows" name="test_matching_engine_stationery_2_levels" time="11.816" /><testcase classname="backend.tests.test_workflows" name="test_matching_engine_computer_purchase_5_levels" time="3.649" /><testcase classname="backend.tests.test_workflows" name="test_matching_engine_highvalue_service_catchall" time="0.576" /><testcase classname="backend.tests.test_workflows" name="test_matching_engine_fallback_when_no_match" time="0.561" /><testcase classname="backend.tests.test_workflows" name="test_preview_workflow_computer" time="0.503" /><testcase classname="backend.tests.test_workflows" name="test_preview_workflow_no_match_fallback" time="0.488" /><testcase classname="backend.tests.test_workflows" name="test_casual_leave_single_step_full_decision_flow" time="1.149" /><testcase classname="backend.tests.test_workflows" name="test_no_leak_in_workflow_list" time="0.444" /><testcase classname="backend.tests.test_workflows" name="test_no_leak_in_preview" time="0.454" /></testsuite></testsuites>