<?xml version="1.0" encoding="utf-8"?><testsuites name="pytest tests"><testsuite name="pytest" errors="0" failures="1" skipped="0" tests="17" time="4.963" timestamp="2026-04-23T15:02:36.217588+00:00" hostname="agent-env-f49ab1fa-c692-4937-802e-4e79c94c0e60"><testcase classname="backend.tests.test_modules_phase0" name="test_catalog_super_admin_has_retail_and_wholesale" time="1.767" /><testcase classname="backend.tests.test_modules_phase0" name="test_catalog_reseller_only_wholesale" time="0.193" /><testcase classname="backend.tests.test_modules_phase0" name="test_catalog_company_admin_has_no_prices" time="0.113" /><testcase classname="backend.tests.test_modules_phase0" name="test_mine_hr_has_base_and_procurement" time="0.121" /><testcase classname="backend.tests.test_modules_phase0" name="test_mine_super_admin_returns_all" time="0.115" /><testcase classname="backend.tests.test_modules_phase0" name="test_enable_module_trial_and_pricing" time="0.324" /><testcase classname="backend.tests.test_modules_phase0" name="test_enable_module_currency_override_usd" time="0.122" /><testcase classname="backend.tests.test_modules_phase0" name="test_disable_by_reseller_is_forbidden" time="0.120" /><testcase classname="backend.tests.test_modules_phase0" name="test_disable_base_hrms_is_rejected" time="0.128" /><testcase classname="backend.tests.test_modules_phase0" name="test_disable_by_super_admin_works" time="0.300" /><testcase classname="backend.tests.test_modules_phase0" name="test_bundle_activation_tags_source" time="0.250" /><testcase classname="backend.tests.test_modules_phase0" name="test_request_activation_and_audit" time="0.432" /><testcase classname="backend.tests.test_modules_phase0" name="test_integrity_check_acme_is_ok" time="0.137" /><testcase classname="backend.tests.test_modules_phase0" name="test_reseller_cannot_enable_on_unowned_company" time="0.136"><failure message="AssertionError: {&quot;detail&quot;:[{&quot;type&quot;:&quot;missing&quot;,&quot;loc&quot;:[&quot;body&quot;,&quot;admin_email&quot;],&quot;msg&quot;:&quot;Field required&quot;,&quot;input&quot;:{&quot;name&quot;:&quot;TEST_NoOwner_647673&quot;,&quot;country&quot;:&quot;IN&quot;,&quot;reseller_id&quot;:null},&quot;url&quot;:&quot;https://errors.pydantic.dev/2.12/v/missing&quot;},{&quot;type&quot;:&quot;missing&quot;,&quot;loc&quot;:[&quot;body&quot;,&quot;admin_name&quot;],&quot;msg&quot;:&quot;Field required&quot;,&quot;input&quot;:{&quot;name&quot;:&quot;TEST_NoOwner_647673&quot;,&quot;country&quot;:&quot;IN&quot;,&quot;reseller_id&quot;:null},&quot;url&quot;:&quot;https://errors.pydantic.dev/2.12/v/missing&quot;},{&quot;type&quot;:&quot;missing&quot;,&quot;loc&quot;:[&quot;body&quot;,&quot;admin_password&quot;],&quot;msg&quot;:&quot;Field required&quot;,&quot;input&quot;:{&quot;name&quot;:&quot;TEST_NoOwner_647673&quot;,&quot;country&quot;:&quot;IN&quot;,&quot;reseller_id&quot;:null},&quot;url&quot;:&quot;https://errors.pydantic.dev/2.12/v/missing&quot;}]}&#10;assert 422 in (200, 201)&#10; +  where 422 = &lt;Response [422]&gt;.status_code">backend/tests/test_modules_phase0.py:266: in test_reseller_cannot_enable_on_unowned_company
    assert r.status_code in (200, 201), r.text
E   AssertionError: {"detail":[{"type":"missing","loc":["body","admin_email"],"msg":"Field required","input":{"name":"TEST_NoOwner_647673","country":"IN","reseller_id":null},"url":"https://errors.pydantic.dev/2.12/v/missing"},{"type":"missing","loc":["body","admin_name"],"msg":"Field required","input":{"name":"TEST_NoOwner_647673","country":"IN","reseller_id":null},"url":"https://errors.pydantic.dev/2.12/v/missing"},{"type":"missing","loc":["body","admin_password"],"msg":"Field required","input":{"name":"TEST_NoOwner_647673","country":"IN","reseller_id":null},"url":"https://errors.pydantic.dev/2.12/v/missing"}]}
E   assert 422 in (200, 201)
E    +  where 422 = &lt;Response [422]&gt;.status_code</failure></testcase><testcase classname="backend.tests.test_modules_phase0" name="test_export_as_company_admin_returns_zip" time="0.174" /><testcase classname="backend.tests.test_modules_phase0" name="test_export_as_employee_is_forbidden" time="0.108" /><testcase classname="backend.tests.test_modules_phase0" name="test_module_gate_blocks_non_entitled" time="0.217" /></testsuite></testsuites>