<?xml version="1.0" encoding="utf-8"?><testsuites name="pytest tests"><testsuite name="pytest" errors="0" failures="1" skipped="0" tests="25" time="62.920" timestamp="2026-04-23T11:00:57.910680+00:00" hostname="agent-env-f49ab1fa-c692-4937-802e-4e79c94c0e60"><testcase classname="backend.tests.test_hrms_backend" name="test_login_all_personas[admin]" time="0.519" /><testcase classname="backend.tests.test_hrms_backend" name="test_login_all_personas[reseller]" time="0.437" /><testcase classname="backend.tests.test_hrms_backend" name="test_login_all_personas[hr]" time="0.458" /><testcase classname="backend.tests.test_hrms_backend" name="test_login_all_personas[manager]" time="0.481" /><testcase classname="backend.tests.test_hrms_backend" name="test_login_all_personas[employee]" time="0.495" /><testcase classname="backend.tests.test_hrms_backend" name="test_login_invalid_credentials" time="0.363" /><testcase classname="backend.tests.test_hrms_backend" name="test_employee_cannot_list_resellers" time="0.510" /><testcase classname="backend.tests.test_hrms_backend" name="test_super_admin_can_list_resellers" time="0.506" /><testcase classname="backend.tests.test_hrms_backend" name="test_dashboard_super_admin" time="0.483" /><testcase classname="backend.tests.test_hrms_backend" name="test_dashboard_reseller" time="0.492" /><testcase classname="backend.tests.test_hrms_backend" name="test_dashboard_company_admin" time="0.521" /><testcase classname="backend.tests.test_hrms_backend" name="test_dashboard_employee" time="0.497" /><testcase classname="backend.tests.test_hrms_backend" name="test_hr_employees_scoped_to_company" time="0.498" /><testcase classname="backend.tests.test_hrms_backend" name="test_reseller_companies_scoped" time="0.481" /><testcase classname="backend.tests.test_hrms_backend" name="test_org_tree_hierarchy" time="0.484" /><testcase classname="backend.tests.test_hrms_backend" name="test_employees_filter_wfh" time="0.493" /><testcase classname="backend.tests.test_hrms_backend" name="test_employees_filter_search_aisha" time="0.484" /><testcase classname="backend.tests.test_hrms_backend" name="test_leave_approval_end_to_end" time="0.912"><failure message="AssertionError: expected chain with manager+HR, got [{'step': 1, 'approver_user_id': '8d368c89-aa89-45ee-b20d-5b25d1a4f84e', 'approver_name': 'Rahul Verma', 'approver_role': 'Direct Manager', 'status': 'pending', 'decided_at': None, 'comment': None}]&#10;assert 1 &gt;= 2&#10; +  where 1 = len([{'approver_name': 'Rahul Verma', 'approver_role': 'Direct Manager', 'approver_user_id': '8d368c89-aa89-45ee-b20d-5b25d1a4f84e', 'comment': None, ...}])">E   AssertionError: expected chain with manager+HR, got [{'step': 1, 'approver_user_id': '8d368c89-aa89-45ee-b20d-5b25d1a4f84e', 'approver_name': 'Rahul Verma', 'approver_role': 'Direct Manager', 'status': 'pending', 'decided_at': None, 'comment': None}]
    assert 1 &gt;= 2
     +  where 1 = len([{'approver_name': 'Rahul Verma', 'approver_role': 'Direct Manager', 'approver_user_id': '8d368c89-aa89-45ee-b20d-5b25d1a4f84e', 'comment': None, ...}])</failure></testcase><testcase classname="backend.tests.test_hrms_backend" name="test_leave_rejection_flow" time="1.073" /><testcase classname="backend.tests.test_hrms_backend" name="test_approvals_not_your_turn" time="0.979" /><testcase classname="backend.tests.test_hrms_backend" name="test_attendance_flow" time="1.533" /><testcase classname="backend.tests.test_hrms_backend" name="test_product_service_request_creation" time="1.014" /><testcase classname="backend.tests.test_hrms_backend" name="test_super_admin_create_reseller_and_company" time="1.960" /><testcase classname="backend.tests.test_hrms_backend" name="test_no_id_or_password_hash_leak_me" time="46.662" /><testcase classname="backend.tests.test_hrms_backend" name="test_no_leak_in_employees_list" time="0.489" /></testsuite></testsuites>