<?xml version="1.0" encoding="utf-8"?><testsuites name="pytest tests"><testsuite name="pytest" errors="0" failures="1" skipped="0" tests="25" time="65.715" timestamp="2026-04-23T10:24:56.999429+00:00" hostname="agent-env-f49ab1fa-c692-4937-802e-4e79c94c0e60"><testcase classname="backend.tests.test_hrms_backend" name="test_login_all_personas[admin]" time="0.502" /><testcase classname="backend.tests.test_hrms_backend" name="test_login_all_personas[reseller]" time="0.452" /><testcase classname="backend.tests.test_hrms_backend" name="test_login_all_personas[hr]" time="0.454" /><testcase classname="backend.tests.test_hrms_backend" name="test_login_all_personas[manager]" time="0.457" /><testcase classname="backend.tests.test_hrms_backend" name="test_login_all_personas[employee]" time="0.431" /><testcase classname="backend.tests.test_hrms_backend" name="test_login_invalid_credentials" time="0.324" /><testcase classname="backend.tests.test_hrms_backend" name="test_employee_cannot_list_resellers" time="0.425" /><testcase classname="backend.tests.test_hrms_backend" name="test_super_admin_can_list_resellers" time="0.430" /><testcase classname="backend.tests.test_hrms_backend" name="test_dashboard_super_admin" time="0.429" /><testcase classname="backend.tests.test_hrms_backend" name="test_dashboard_reseller" time="0.447" /><testcase classname="backend.tests.test_hrms_backend" name="test_dashboard_company_admin" time="0.435" /><testcase classname="backend.tests.test_hrms_backend" name="test_dashboard_employee" time="0.446" /><testcase classname="backend.tests.test_hrms_backend" name="test_hr_employees_scoped_to_company" time="0.424" /><testcase classname="backend.tests.test_hrms_backend" name="test_reseller_companies_scoped" time="0.423" /><testcase classname="backend.tests.test_hrms_backend" name="test_org_tree_hierarchy" time="0.432" /><testcase classname="backend.tests.test_hrms_backend" name="test_employees_filter_wfh" time="0.441" /><testcase classname="backend.tests.test_hrms_backend" name="test_employees_filter_search_aisha" time="0.422" /><testcase classname="backend.tests.test_hrms_backend" name="test_leave_approval_end_to_end" time="1.494" /><testcase classname="backend.tests.test_hrms_backend" name="test_leave_rejection_flow" time="1.000" /><testcase classname="backend.tests.test_hrms_backend" name="test_approvals_not_your_turn" time="0.888" /><testcase classname="backend.tests.test_hrms_backend" name="test_attendance_flow" time="1.442" /><testcase classname="backend.tests.test_hrms_backend" name="test_product_service_request_creation" time="30.363"><failure message="requests.exceptions.ConnectTimeout: HTTPSConnectionPool(host='people-partner-cloud.preview.emergentagent.com', port=443): Max retries exceeded with url: /api/requests (Caused by ConnectTimeoutError(&lt;HTTPSConnection(host='people-partner-cloud.preview.emergentagent.com', port=443) at 0xf89b8ee96310&gt;, 'Connection to people-partner-cloud.preview.emergentagent.com timed out. (connect timeout=15)'))">/root/.venv/lib/python3.11/site-packages/urllib3/connection.py:204: in _new_conn
    sock = connection.create_connection(
/root/.venv/lib/python3.11/site-packages/urllib3/util/connection.py:85: in create_connection
    raise err
/root/.venv/lib/python3.11/site-packages/urllib3/util/connection.py:73: in create_connection
    sock.connect(sa)
E   TimeoutError: timed out

The above exception was the direct cause of the following exception:
/root/.venv/lib/python3.11/site-packages/urllib3/connectionpool.py:787: in urlopen
    response = self._make_request(
/root/.venv/lib/python3.11/site-packages/urllib3/connectionpool.py:488: in _make_request
    raise new_e
/root/.venv/lib/python3.11/site-packages/urllib3/connectionpool.py:464: in _make_request
    self._validate_conn(conn)
/root/.venv/lib/python3.11/site-packages/urllib3/connectionpool.py:1093: in _validate_conn
    conn.connect()
/root/.venv/lib/python3.11/site-packages/urllib3/connection.py:759: in connect
    self.sock = sock = self._new_conn()
                       ^^^^^^^^^^^^^^^^
/root/.venv/lib/python3.11/site-packages/urllib3/connection.py:213: in _new_conn
    raise ConnectTimeoutError(
E   urllib3.exceptions.ConnectTimeoutError: (&lt;HTTPSConnection(host='people-partner-cloud.preview.emergentagent.com', port=443) at 0xf89b8ee96310&gt;, 'Connection to people-partner-cloud.preview.emergentagent.com timed out. (connect timeout=15)')

The above exception was the direct cause of the following exception:
/root/.venv/lib/python3.11/site-packages/requests/adapters.py:645: in send
    resp = conn.urlopen(
/root/.venv/lib/python3.11/site-packages/urllib3/connectionpool.py:841: in urlopen
    retries = retries.increment(
/root/.venv/lib/python3.11/site-packages/urllib3/util/retry.py:535: in increment
    raise MaxRetryError(_pool, url, reason) from reason  # type: ignore[arg-type]
    ^^^^^^^^^^^^^^^^^^^^^^^^^^^^^^^^^^^^^^^^^^^^^^^^^^^
E   urllib3.exceptions.MaxRetryError: HTTPSConnectionPool(host='people-partner-cloud.preview.emergentagent.com', port=443): Max retries exceeded with url: /api/requests (Caused by ConnectTimeoutError(&lt;HTTPSConnection(host='people-partner-cloud.preview.emergentagent.com', port=443) at 0xf89b8ee96310&gt;, 'Connection to people-partner-cloud.preview.emergentagent.com timed out. (connect timeout=15)'))

During handling of the above exception, another exception occurred:
backend/tests/test_hrms_backend.py:297: in test_product_service_request_creation
    r = requests.post(f"{API}/requests", headers=_h(emp_tok), json={
/root/.venv/lib/python3.11/site-packages/requests/api.py:115: in post
    return request("post", url, data=data, json=json, **kwargs)
           ^^^^^^^^^^^^^^^^^^^^^^^^^^^^^^^^^^^^^^^^^^^^^^^^^^^^
/root/.venv/lib/python3.11/site-packages/requests/api.py:59: in request
    return session.request(method=method, url=url, **kwargs)
           ^^^^^^^^^^^^^^^^^^^^^^^^^^^^^^^^^^^^^^^^^^^^^^^^^
/root/.venv/lib/python3.11/site-packages/requests/sessions.py:592: in request
    resp = self.send(prep, **send_kwargs)
           ^^^^^^^^^^^^^^^^^^^^^^^^^^^^^^
/root/.venv/lib/python3.11/site-packages/requests/sessions.py:706: in send
    r = adapter.send(request, **kwargs)
        ^^^^^^^^^^^^^^^^^^^^^^^^^^^^^^^
/root/.venv/lib/python3.11/site-packages/requests/adapters.py:666: in send
    raise ConnectTimeout(e, request=request)
E   requests.exceptions.ConnectTimeout: HTTPSConnectionPool(host='people-partner-cloud.preview.emergentagent.com', port=443): Max retries exceeded with url: /api/requests (Caused by ConnectTimeoutError(&lt;HTTPSConnection(host='people-partner-cloud.preview.emergentagent.com', port=443) at 0xf89b8ee96310&gt;, 'Connection to people-partner-cloud.preview.emergentagent.com timed out. (connect timeout=15)'))</failure></testcase><testcase classname="backend.tests.test_hrms_backend" name="test_super_admin_create_reseller_and_company" time="21.230" /><testcase classname="backend.tests.test_hrms_backend" name="test_no_id_or_password_hash_leak_me" time="1.328" /><testcase classname="backend.tests.test_hrms_backend" name="test_no_leak_in_employees_list" time="0.427" /></testsuite></testsuites>