<?xml version="1.0" encoding="utf-8"?><testsuites name="pytest tests"><testsuite name="pytest" errors="0" failures="0" skipped="0" tests="19" time="12.434" timestamp="2026-04-23T11:00:41.209460+00:00" hostname="agent-env-f49ab1fa-c692-4937-802e-4e79c94c0e60"><testcase classname="backend.tests.test_workflows" name="test_hr_lists_seeded_workflows" time="0.653" /><testcase classname="backend.tests.test_workflows" name="test_filter_workflows_by_request_type" time="0.698" /><testcase classname="backend.tests.test_workflows" name="test_create_workflow_persists_and_returned_on_get" time="0.785" /><testcase classname="backend.tests.test_workflows" name="test_update_workflow_replaces_steps" time="0.904" /><testcase classname="backend.tests.test_workflows" name="test_toggle_workflow_flips_active_flag" time="0.807" /><testcase classname="backend.tests.test_workflows" name="test_delete_workflow_and_verify_404" time="0.704" /><testcase classname="backend.tests.test_workflows" name="test_employee_cannot_create_workflow" time="0.439" /><testcase classname="backend.tests.test_workflows" name="test_tenant_isolation_hr_only_sees_own_company_workflows" time="0.514" /><testcase classname="backend.tests.test_workflows" name="test_matching_engine_casual_leave_manager_only" time="0.604" /><testcase classname="backend.tests.test_workflows" name="test_matching_engine_unpaid_leave_3_levels" time="0.588" /><testcase classname="backend.tests.test_workflows" name="test_matching_engine_stationery_2_levels" time="0.596" /><testcase classname="backend.tests.test_workflows" name="test_matching_engine_computer_purchase_5_levels" time="0.649" /><testcase classname="backend.tests.test_workflows" name="test_matching_engine_highvalue_service_catchall" time="0.578" /><testcase classname="backend.tests.test_workflows" name="test_matching_engine_fallback_when_no_match" time="0.583" /><testcase classname="backend.tests.test_workflows" name="test_preview_workflow_computer" time="0.479" /><testcase classname="backend.tests.test_workflows" name="test_preview_workflow_no_match_fallback" time="0.499" /><testcase classname="backend.tests.test_workflows" name="test_casual_leave_single_step_full_decision_flow" time="1.205" /><testcase classname="backend.tests.test_workflows" name="test_no_leak_in_workflow_list" time="0.490" /><testcase classname="backend.tests.test_workflows" name="test_no_leak_in_preview" time="0.494" /></testsuite></testsuites>